#
# There is insufficient memory for the Java Runtime Environment to continue.
# Native memory allocation (mmap) failed to map 65011712 bytes for Failed to commit area from 0x00000000a9300000 to 0x00000000ad100000 of length 65011712.
# Possible reasons:
#   The system is out of physical RAM or swap space
#   The process is running with CompressedOops enabled, and the Java Heap may be blocking the growth of the native heap
# Possible solutions:
#   Reduce memory load on the system
#   Increase physical memory or swap space
#   Check if swap backing store is full
#   Decrease Java heap size (-Xmx/-Xms)
#   Decrease number of Java threads
#   Decrease Java thread stack sizes (-Xss)
#   Set larger code cache with -XX:ReservedCodeCacheSize=
#   JVM is running with Unscaled Compressed Oops mode in which the Java heap is
#     placed in the first 4GB address space. The Java Heap base address is the
#     maximum limit for the native heap growth. Please use -XX:HeapBaseMinAddress
#     to set the Java Heap base and to place the Java Heap above 4GB virtual address.
# This output file may be truncated or incomplete.
#
#  Out of Memory Error (./src/hotspot/os/windows/os_windows.cpp:3521), pid=2308, tid=10896
#
# JRE version: OpenJDK Runtime Environment (11.0.12+7) (build 11.0.12+7-b1504.28-7817840)
# Java VM: OpenJDK 64-Bit Server VM (11.0.12+7-b1504.28-7817840, mixed mode, tiered, compressed oops, g1 gc, windows-amd64)
# No core dump will be written. Minidumps are not enabled by default on client versions of Windows
#

---------------  S U M M A R Y ------------

Command Line: --add-opens=java.base/java.util.concurrent.atomic=ALL-UNNAMED --add-opens=java.base/java.util=ALL-UNNAMED --add-opens=java.base/java.lang=ALL-UNNAMED --add-opens=java.base/java.lang.invoke=ALL-UNNAMED --add-opens=java.prefs/java.util.prefs=ALL-UNNAMED --add-opens=java.base/java.nio.charset=ALL-UNNAMED --add-opens=java.base/java.net=ALL-UNNAMED --add-opens=java.base/java.util.concurrent.atomic=ALL-UNNAMED -Xmx1536M -Dfile.encoding=windows-1252 -Duser.country=IN -Duser.language=en -Duser.variant org.gradle.launcher.daemon.bootstrap.GradleDaemon 7.6

Host: AMD Ryzen 5 5600H with Radeon Graphics         , 12 cores, 7G,  Windows 10 , 64 bit Build 22621 (10.0.22621.1485)
Time: Wed Apr  5 15:42:52 2023 India Standard Time elapsed time: 15.172124 seconds (0d 0h 0m 15s)

---------------  T H R E A D  ---------------

Current thread (0x000001fc48ac0000):  VMThread "VM Thread" [stack: 0x000000c03c700000,0x000000c03c800000] [id=10896]

Stack: [0x000000c03c700000,0x000000c03c800000]
[error occurred during error reporting (printing stack bounds), id 0xc0000005, EXCEPTION_ACCESS_VIOLATION (0xc0000005) at pc=0x000001fc32fd112d]

Native frames: (J=compiled Java code, j=interpreted, Vv=VM code, C=native code)
V  [jvm.dll+0x5fbcea]
V  [jvm.dll+0x731905]
V  [jvm.dll+0x732f1d]
V  [jvm.dll+0x733535]
V  [jvm.dll+0x7334eb]
V  [jvm.dll+0x5fb080]
V  [jvm.dll+0x5fb818]
C  [ntdll.dll+0xa3cff]
C  [ntdll.dll+0x1e456]
C  [ntdll.dll+0xa2cee]
C  0x000001fc32fd112d

VM_Operation (0x000000c03e1f0c10): G1CollectForAllocation, mode: safepoint, requested by thread 0x000001fc495a7800


---------------  P R O C E S S  ---------------

Threads class SMR info:
_java_thread_list=0x000001fc5424eb60, length=169, elements={
0x000001fc2f4cc000, 0x000001fc48ac1800, 0x000001fc48acb000, 0x000001fc49443800,
0x000001fc49444800, 0x000001fc49445800, 0x000001fc49450000, 0x000001fc49451800,
0x000001fc48afa000, 0x000001fc495a8800, 0x000001fc495ab000, 0x000001fc495a9000,
0x000001fc495ac800, 0x000001fc495ab800, 0x000001fc495a6800, 0x000001fc495ad000,
0x000001fc495a7800, 0x000001fc495aa000, 0x000001fc4bcee800, 0x000001fc4bceb000,
0x000001fc4bcef800, 0x000001fc4bcec000, 0x000001fc4bced000, 0x000001fc4bced800,
0x000001fc4bce9800, 0x000001fc4bcf0000, 0x000001fc4bcea800, 0x000001fc4bcf6000,
0x000001fc4bcf2000, 0x000001fc4bcf2800, 0x000001fc4bcf6800, 0x000001fc4bcf3800,
0x000001fc4bcf1000, 0x000001fc4bcf7800, 0x000001fc4bcf4000, 0x000001fc4bcf8800,
0x000001fc4bcf5000, 0x000001fc4d699000, 0x000001fc4d698000, 0x000001fc4d69a800,
0x000001fc4d699800, 0x000001fc4d694800, 0x000001fc4d69b000, 0x000001fc4d696800,
0x000001fc4d69d000, 0x000001fc4d697000, 0x000001fc4d6a2800, 0x000001fc4d6a2000,
0x000001fc4d6a0000, 0x000001fc4d6a1000, 0x000001fc4d6a3800, 0x000001fc4d69d800,
0x000001fc4d69e800, 0x000001fc4d69f800, 0x000001fc4a59e000, 0x000001fc4a5a0800,
0x000001fc4a59e800, 0x000001fc4a5a2000, 0x000001fc4a5a1000, 0x000001fc4a59c000,
0x000001fc4a5a3000, 0x000001fc4a59d000, 0x000001fc4a5a3800, 0x000001fc4a5a4800,
0x000001fc4a5a5000, 0x000001fc4a59f800, 0x000001fc4a5a6000, 0x000001fc4a5aa000,
0x000001fc4a5a7000, 0x000001fc4a5a7800, 0x000001fc4a5ab000, 0x000001fc4a5a8800,
0x000001fc4a5a9800, 0x000001fc4e43d800, 0x000001fc4e43b800, 0x000001fc4e43c800,
0x000001fc4e440000, 0x000001fc4e43e000, 0x000001fc4e43f000, 0x000001fc4e440800,
0x000001fc4e43b000, 0x000001fc4e444000, 0x000001fc4e444800, 0x000001fc4e445800,
0x000001fc4e443000, 0x000001fc4e446800, 0x000001fc4e447000, 0x000001fc4e441800,
0x000001fc4e448000, 0x000001fc4e442000, 0x000001fc4e449800, 0x000001fc4e449000,
0x000001fc4f7dd000, 0x000001fc4f7de000, 0x000001fc4f7df800, 0x000001fc4f7da800,
0x000001fc4f7db800, 0x000001fc4f7df000, 0x000001fc4f7e0800, 0x000001fc4f7e1000,
0x000001fc4f7e2000, 0x000001fc4f7dc800, 0x000001fc4f7e4800, 0x000001fc4f7e3000,
0x000001fc4f7e9800, 0x000001fc4f7e7000, 0x000001fc4f7e5800, 0x000001fc4f7e7800,
0x000001fc4f7e8800, 0x000001fc4f7e3800, 0x000001fc4f7e6000, 0x000001fc4f791000,
0x000001fc4f78f800, 0x000001fc4f790000, 0x000001fc4f78d000, 0x000001fc4f78d800,
0x000001fc4f78b000, 0x000001fc4f78e800, 0x000001fc4f792000, 0x000001fc4f78c000,
0x000001fc4f796000, 0x000001fc4f796800, 0x000001fc4f793800, 0x000001fc4f797800,
0x000001fc4f795000, 0x000001fc4f798800, 0x000001fc4f794000, 0x000001fc4f792800,
0x000001fc4f799000, 0x000001fc4f79a000, 0x000001fc4f7bf800, 0x000001fc4f7c1000,
0x000001fc4f7bc000, 0x000001fc4f7bb000, 0x000001fc4f7bd800, 0x000001fc4f7c0000,
0x000001fc4f7c2000, 0x000001fc4f7c2800, 0x000001fc4f7bd000, 0x000001fc4f7c3800,
0x000001fc4f7c4000, 0x000001fc4f7be800, 0x000001fc4f7c6000, 0x000001fc4f7ca000,
0x000001fc4f7c5000, 0x000001fc4f7c7800, 0x000001fc4f7c6800, 0x000001fc4f7c8800,
0x000001fc4f7c9000, 0x000001fc4fe5f000, 0x000001fc4fe5a000, 0x000001fc4fe5e000,
0x000001fc4fe5b800, 0x000001fc4fe5b000, 0x000001fc4fe5c800, 0x000001fc4fe5d800,
0x000001fc4fe59800, 0x000001fc4fe60800, 0x000001fc4fe61800, 0x000001fc4fe64000,
0x000001fc4fe62800, 0x000001fc4fe64800, 0x000001fc4fe65800, 0x000001fc4fe60000,
0x000001fc4fe66800, 0x000001fc4fe63000, 0x000001fc4fe67000, 0x000001fc4fe68000,
0x000001fc540a8000
}

Java Threads: ( => current thread )
  0x000001fc2f4cc000 JavaThread "main" [_thread_blocked, id=22788, stack(0x000000c03c100000,0x000000c03c200000)]
  0x000001fc48ac1800 JavaThread "Reference Handler" daemon [_thread_blocked, id=20536, stack(0x000000c03c800000,0x000000c03c900000)]
  0x000001fc48acb000 JavaThread "Finalizer" daemon [_thread_blocked, id=8252, stack(0x000000c03c900000,0x000000c03ca00000)]
  0x000001fc49443800 JavaThread "Signal Dispatcher" daemon [_thread_blocked, id=25360, stack(0x000000c03ca00000,0x000000c03cb00000)]
  0x000001fc49444800 JavaThread "Attach Listener" daemon [_thread_blocked, id=3596, stack(0x000000c03cb00000,0x000000c03cc00000)]
  0x000001fc49445800 JavaThread "Service Thread" daemon [_thread_blocked, id=7872, stack(0x000000c03cc00000,0x000000c03cd00000)]
  0x000001fc49450000 JavaThread "C2 CompilerThread0" daemon [_thread_in_native, id=15944, stack(0x000000c03cd00000,0x000000c03ce00000)]
  0x000001fc49451800 JavaThread "C1 CompilerThread0" daemon [_thread_blocked, id=8832, stack(0x000000c03ce00000,0x000000c03cf00000)]
  0x000001fc48afa000 JavaThread "Sweeper thread" daemon [_thread_blocked, id=7408, stack(0x000000c03cf00000,0x000000c03d000000)]
  0x000001fc495a8800 JavaThread "Common-Cleaner" daemon [_thread_blocked, id=10904, stack(0x000000c03d000000,0x000000c03d100000)]
  0x000001fc495ab000 JavaThread "Daemon health stats" [_thread_blocked, id=24800, stack(0x000000c03d300000,0x000000c03d400000)]
  0x000001fc495a9000 JavaThread "Incoming local TCP Connector on port 50974" [_thread_in_native, id=14036, stack(0x000000c03d400000,0x000000c03d500000)]
  0x000001fc495ac800 JavaThread "Daemon periodic checks" [_thread_blocked, id=25508, stack(0x000000c03d500000,0x000000c03d600000)]
  0x000001fc495ab800 JavaThread "Daemon" [_thread_blocked, id=10968, stack(0x000000c03d600000,0x000000c03d700000)]
  0x000001fc495a6800 JavaThread "Handler for socket connection from /127.0.0.1:50974 to /127.0.0.1:50975" [_thread_in_native, id=8308, stack(0x000000c03d700000,0x000000c03d800000)]
  0x000001fc495ad000 JavaThread "Cancel handler" [_thread_blocked, id=7344, stack(0x000000c03e000000,0x000000c03e100000)]
  0x000001fc495a7800 JavaThread "Daemon worker" [_thread_blocked, id=24412, stack(0x000000c03e100000,0x000000c03e200000)]
  0x000001fc495aa000 JavaThread "Asynchronous log dispatcher for DefaultDaemonConnection: socket connection from /127.0.0.1:50974 to /127.0.0.1:50975" [_thread_blocked, id=12436, stack(0x000000c03e200000,0x000000c03e300000)]
  0x000001fc4bcee800 JavaThread "Stdin handler" [_thread_blocked, id=13944, stack(0x000000c03e300000,0x000000c03e400000)]
  0x000001fc4bceb000 JavaThread "Daemon client event forwarder" [_thread_blocked, id=25152, stack(0x000000c03e400000,0x000000c03e500000)]
  0x000001fc4bcef800 JavaThread "Cache worker for journal cache (C:\Users\AMAL\.gradle\caches\journal-1)" [_thread_blocked, id=20728, stack(0x000000c03e500000,0x000000c03e600000)]
  0x000001fc4bcec000 JavaThread "File lock request listener" [_thread_in_native, id=5500, stack(0x000000c03e600000,0x000000c03e700000)]
  0x000001fc4bced000 JavaThread "Cache worker for file hash cache (C:\Users\AMAL\.gradle\caches\7.6\fileHashes)" [_thread_blocked, id=23452, stack(0x000000c03e900000,0x000000c03ea00000)]
  0x000001fc4bced800 JavaThread "File watcher server" daemon [_thread_in_native, id=12668, stack(0x000000c03ea00000,0x000000c03eb00000)]
  0x000001fc4bce9800 JavaThread "File watcher consumer" daemon [_thread_blocked, id=14612, stack(0x000000c03eb00000,0x000000c03ec00000)]
  0x000001fc4bcf0000 JavaThread "jar transforms" [_thread_blocked, id=8744, stack(0x000000c03ec00000,0x000000c03ed00000)]
  0x000001fc4bcea800 JavaThread "jar transforms Thread 2" [_thread_blocked, id=20948, stack(0x000000c03ed00000,0x000000c03ee00000)]
  0x000001fc4bcf6000 JavaThread "jar transforms Thread 3" [_thread_blocked, id=18796, stack(0x000000c03ee00000,0x000000c03ef00000)]
  0x000001fc4bcf2000 JavaThread "jar transforms Thread 4" [_thread_blocked, id=11584, stack(0x000000c03ef00000,0x000000c03f000000)]
  0x000001fc4bcf2800 JavaThread "jar transforms Thread 5" [_thread_blocked, id=17864, stack(0x000000c03f000000,0x000000c03f100000)]
  0x000001fc4bcf6800 JavaThread "jar transforms Thread 6" [_thread_blocked, id=20760, stack(0x000000c03f100000,0x000000c03f200000)]
  0x000001fc4bcf3800 JavaThread "jar transforms Thread 7" [_thread_blocked, id=19164, stack(0x000000c03f200000,0x000000c03f300000)]
  0x000001fc4bcf1000 JavaThread "jar transforms Thread 8" [_thread_blocked, id=24828, stack(0x000000c03f300000,0x000000c03f400000)]
  0x000001fc4bcf7800 JavaThread "jar transforms Thread 9" [_thread_blocked, id=9384, stack(0x000000c03f400000,0x000000c03f500000)]
  0x000001fc4bcf4000 JavaThread "jar transforms Thread 10" [_thread_blocked, id=20608, stack(0x000000c03f500000,0x000000c03f600000)]
  0x000001fc4bcf8800 JavaThread "jar transforms Thread 11" [_thread_blocked, id=13096, stack(0x000000c03f600000,0x000000c03f700000)]
  0x000001fc4bcf5000 JavaThread "jar transforms Thread 12" [_thread_blocked, id=8620, stack(0x000000c03f700000,0x000000c03f800000)]
  0x000001fc4d699000 JavaThread "Cache worker for checksums cache (D:\Telegram Downloads\untitled\android\.gradle\7.6\checksums)" [_thread_blocked, id=24860, stack(0x000000c03f800000,0x000000c03f900000)]
  0x000001fc4d698000 JavaThread "Cache worker for cache directory md-rule (C:\Users\AMAL\.gradle\caches\7.6\md-rule)" [_thread_blocked, id=24960, stack(0x000000c03f900000,0x000000c03fa00000)]
  0x000001fc4d69a800 JavaThread "Cache worker for file content cache (C:\Users\AMAL\.gradle\caches\7.6\fileContent)" [_thread_blocked, id=6044, stack(0x000000c03fa00000,0x000000c03fb00000)]
  0x000001fc4d699800 JavaThread "Cache worker for file hash cache (D:\Telegram Downloads\untitled\android\.gradle\7.6\fileHashes)" [_thread_blocked, id=2268, stack(0x000000c03fb00000,0x000000c03fc00000)]
  0x000001fc4d694800 JavaThread "Cache worker for cache directory md-supplier (C:\Users\AMAL\.gradle\caches\7.6\md-supplier)" [_thread_blocked, id=13528, stack(0x000000c03fc00000,0x000000c03fd00000)]
  0x000001fc4d69b000 JavaThread "Cache worker for execution history cache (C:\Users\AMAL\.gradle\caches\7.6\executionHistory)" [_thread_blocked, id=1004, stack(0x000000c03fd00000,0x000000c03fe00000)]
  0x000001fc4d696800 JavaThread "Cache worker for dependencies-accessors (D:\Telegram Downloads\untitled\android\.gradle\7.6\dependencies-accessors)" [_thread_blocked, id=24884, stack(0x000000c03fe00000,0x000000c03ff00000)]
  0x000001fc4d69d000 JavaThread "Cache worker for Build Output Cleanup Cache (D:\Telegram Downloads\untitled\android\.gradle\buildOutputCleanup)" [_thread_blocked, id=4884, stack(0x000000c03ff00000,0x000000c040000000)]
  0x000001fc4d697000 JavaThread "Unconstrained build operations" [_thread_blocked, id=16872, stack(0x000000c040000000,0x000000c040100000)]
  0x000001fc4d6a2800 JavaThread "Unconstrained build operations Thread 2" [_thread_blocked, id=2036, stack(0x000000c040100000,0x000000c040200000)]
  0x000001fc4d6a2000 JavaThread "Unconstrained build operations Thread 3" [_thread_blocked, id=25420, stack(0x000000c040200000,0x000000c040300000)]
  0x000001fc4d6a0000 JavaThread "Unconstrained build operations Thread 4" [_thread_blocked, id=14632, stack(0x000000c040300000,0x000000c040400000)]
  0x000001fc4d6a1000 JavaThread "Unconstrained build operations Thread 5" [_thread_blocked, id=2868, stack(0x000000c040400000,0x000000c040500000)]
  0x000001fc4d6a3800 JavaThread "Unconstrained build operations Thread 6" [_thread_blocked, id=9080, stack(0x000000c040500000,0x000000c040600000)]
  0x000001fc4d69d800 JavaThread "Unconstrained build operations Thread 7" [_thread_blocked, id=25036, stack(0x000000c040600000,0x000000c040700000)]
  0x000001fc4d69e800 JavaThread "Unconstrained build operations Thread 8" [_thread_blocked, id=16508, stack(0x000000c040700000,0x000000c040800000)]
  0x000001fc4d69f800 JavaThread "Unconstrained build operations Thread 9" [_thread_blocked, id=5240, stack(0x000000c040800000,0x000000c040900000)]
  0x000001fc4a59e000 JavaThread "Unconstrained build operations Thread 10" [_thread_blocked, id=5912, stack(0x000000c040900000,0x000000c040a00000)]
  0x000001fc4a5a0800 JavaThread "Unconstrained build operations Thread 11" [_thread_blocked, id=16960, stack(0x000000c040a00000,0x000000c040b00000)]
  0x000001fc4a59e800 JavaThread "Unconstrained build operations Thread 12" [_thread_blocked, id=21164, stack(0x000000c040b00000,0x000000c040c00000)]
  0x000001fc4a5a2000 JavaThread "Unconstrained build operations Thread 13" [_thread_blocked, id=24180, stack(0x000000c040c00000,0x000000c040d00000)]
  0x000001fc4a5a1000 JavaThread "Unconstrained build operations Thread 14" [_thread_blocked, id=3688, stack(0x000000c040d00000,0x000000c040e00000)]
  0x000001fc4a59c000 JavaThread "Unconstrained build operations Thread 15" [_thread_blocked, id=20052, stack(0x000000c040e00000,0x000000c040f00000)]
  0x000001fc4a5a3000 JavaThread "Unconstrained build operations Thread 16" [_thread_blocked, id=25008, stack(0x000000c040f00000,0x000000c041000000)]
  0x000001fc4a59d000 JavaThread "Unconstrained build operations Thread 17" [_thread_blocked, id=24784, stack(0x000000c041000000,0x000000c041100000)]
  0x000001fc4a5a3800 JavaThread "Unconstrained build operations Thread 18" [_thread_blocked, id=6620, stack(0x000000c041100000,0x000000c041200000)]
  0x000001fc4a5a4800 JavaThread "Unconstrained build operations Thread 19" [_thread_blocked, id=19040, stack(0x000000c041200000,0x000000c041300000)]
  0x000001fc4a5a5000 JavaThread "Unconstrained build operations Thread 20" [_thread_blocked, id=21456, stack(0x000000c041300000,0x000000c041400000)]
  0x000001fc4a59f800 JavaThread "Unconstrained build operations Thread 21" [_thread_blocked, id=6128, stack(0x000000c041400000,0x000000c041500000)]
  0x000001fc4a5a6000 JavaThread "Unconstrained build operations Thread 22" [_thread_blocked, id=25068, stack(0x000000c041500000,0x000000c041600000)]
  0x000001fc4a5aa000 JavaThread "Unconstrained build operations Thread 23" [_thread_blocked, id=12676, stack(0x000000c041600000,0x000000c041700000)]
  0x000001fc4a5a7000 JavaThread "Unconstrained build operations Thread 24" [_thread_blocked, id=11720, stack(0x000000c041700000,0x000000c041800000)]
  0x000001fc4a5a7800 JavaThread "Unconstrained build operations Thread 25" [_thread_blocked, id=5296, stack(0x000000c041800000,0x000000c041900000)]
  0x000001fc4a5ab000 JavaThread "Unconstrained build operations Thread 26" [_thread_blocked, id=18284, stack(0x000000c041900000,0x000000c041a00000)]
  0x000001fc4a5a8800 JavaThread "Unconstrained build operations Thread 27" [_thread_blocked, id=13468, stack(0x000000c041a00000,0x000000c041b00000)]
  0x000001fc4a5a9800 JavaThread "Unconstrained build operations Thread 28" [_thread_blocked, id=1432, stack(0x000000c041b00000,0x000000c041c00000)]
  0x000001fc4e43d800 JavaThread "Unconstrained build operations Thread 29" [_thread_blocked, id=25316, stack(0x000000c041c00000,0x000000c041d00000)]
  0x000001fc4e43b800 JavaThread "Unconstrained build operations Thread 30" [_thread_blocked, id=18084, stack(0x000000c041d00000,0x000000c041e00000)]
  0x000001fc4e43c800 JavaThread "Unconstrained build operations Thread 31" [_thread_blocked, id=24904, stack(0x000000c041e00000,0x000000c041f00000)]
  0x000001fc4e440000 JavaThread "Unconstrained build operations Thread 32" [_thread_blocked, id=10584, stack(0x000000c041f00000,0x000000c042000000)]
  0x000001fc4e43e000 JavaThread "Unconstrained build operations Thread 33" [_thread_blocked, id=25320, stack(0x000000c042000000,0x000000c042100000)]
  0x000001fc4e43f000 JavaThread "Unconstrained build operations Thread 34" [_thread_blocked, id=15060, stack(0x000000c042100000,0x000000c042200000)]
  0x000001fc4e440800 JavaThread "Unconstrained build operations Thread 35" [_thread_blocked, id=18944, stack(0x000000c042200000,0x000000c042300000)]
  0x000001fc4e43b000 JavaThread "Unconstrained build operations Thread 36" [_thread_blocked, id=12036, stack(0x000000c042300000,0x000000c042400000)]
  0x000001fc4e444000 JavaThread "Unconstrained build operations Thread 37" [_thread_blocked, id=2296, stack(0x000000c042400000,0x000000c042500000)]
  0x000001fc4e444800 JavaThread "Unconstrained build operations Thread 38" [_thread_blocked, id=3076, stack(0x000000c042500000,0x000000c042600000)]
  0x000001fc4e445800 JavaThread "Unconstrained build operations Thread 39" [_thread_blocked, id=20012, stack(0x000000c042600000,0x000000c042700000)]
  0x000001fc4e443000 JavaThread "Unconstrained build operations Thread 40" [_thread_blocked, id=6196, stack(0x000000c042700000,0x000000c042800000)]
  0x000001fc4e446800 JavaThread "Unconstrained build operations Thread 41" [_thread_blocked, id=22852, stack(0x000000c042800000,0x000000c042900000)]
  0x000001fc4e447000 JavaThread "Unconstrained build operations Thread 42" [_thread_blocked, id=5180, stack(0x000000c042900000,0x000000c042a00000)]
  0x000001fc4e441800 JavaThread "Unconstrained build operations Thread 43" [_thread_blocked, id=16260, stack(0x000000c042a00000,0x000000c042b00000)]
  0x000001fc4e448000 JavaThread "Unconstrained build operations Thread 44" [_thread_blocked, id=25188, stack(0x000000c042b00000,0x000000c042c00000)]
  0x000001fc4e442000 JavaThread "Unconstrained build operations Thread 45" [_thread_blocked, id=12324, stack(0x000000c042c00000,0x000000c042d00000)]
  0x000001fc4e449800 JavaThread "Unconstrained build operations Thread 46" [_thread_blocked, id=21344, stack(0x000000c042d00000,0x000000c042e00000)]
  0x000001fc4e449000 JavaThread "Unconstrained build operations Thread 47" [_thread_blocked, id=19964, stack(0x000000c042e00000,0x000000c042f00000)]
  0x000001fc4f7dd000 JavaThread "Unconstrained build operations Thread 48" [_thread_blocked, id=9896, stack(0x000000c042f00000,0x000000c043000000)]
  0x000001fc4f7de000 JavaThread "Unconstrained build operations Thread 49" [_thread_blocked, id=10488, stack(0x000000c043000000,0x000000c043100000)]
  0x000001fc4f7df800 JavaThread "Unconstrained build operations Thread 50" [_thread_blocked, id=16564, stack(0x000000c043100000,0x000000c043200000)]
  0x000001fc4f7da800 JavaThread "Unconstrained build operations Thread 51" [_thread_blocked, id=23684, stack(0x000000c043200000,0x000000c043300000)]
  0x000001fc4f7db800 JavaThread "Unconstrained build operations Thread 52" [_thread_blocked, id=12520, stack(0x000000c043300000,0x000000c043400000)]
  0x000001fc4f7df000 JavaThread "Unconstrained build operations Thread 53" [_thread_blocked, id=12468, stack(0x000000c043400000,0x000000c043500000)]
  0x000001fc4f7e0800 JavaThread "Unconstrained build operations Thread 54" [_thread_blocked, id=8056, stack(0x000000c043500000,0x000000c043600000)]
  0x000001fc4f7e1000 JavaThread "Unconstrained build operations Thread 55" [_thread_blocked, id=19804, stack(0x000000c043600000,0x000000c043700000)]
  0x000001fc4f7e2000 JavaThread "Unconstrained build operations Thread 56" [_thread_blocked, id=8696, stack(0x000000c043700000,0x000000c043800000)]
  0x000001fc4f7dc800 JavaThread "Unconstrained build operations Thread 57" [_thread_blocked, id=10728, stack(0x000000c043800000,0x000000c043900000)]
  0x000001fc4f7e4800 JavaThread "Unconstrained build operations Thread 58" [_thread_blocked, id=8968, stack(0x000000c043900000,0x000000c043a00000)]
  0x000001fc4f7e3000 JavaThread "Unconstrained build operations Thread 59" [_thread_blocked, id=17552, stack(0x000000c043a00000,0x000000c043b00000)]
  0x000001fc4f7e9800 JavaThread "Unconstrained build operations Thread 60" [_thread_blocked, id=6060, stack(0x000000c043b00000,0x000000c043c00000)]
  0x000001fc4f7e7000 JavaThread "Unconstrained build operations Thread 61" [_thread_blocked, id=15656, stack(0x000000c043c00000,0x000000c043d00000)]
  0x000001fc4f7e5800 JavaThread "Unconstrained build operations Thread 62" [_thread_blocked, id=15616, stack(0x000000c043d00000,0x000000c043e00000)]
  0x000001fc4f7e7800 JavaThread "Unconstrained build operations Thread 63" [_thread_blocked, id=11540, stack(0x000000c043e00000,0x000000c043f00000)]
  0x000001fc4f7e8800 JavaThread "Unconstrained build operations Thread 64" [_thread_blocked, id=22776, stack(0x000000c043f00000,0x000000c044000000)]
  0x000001fc4f7e3800 JavaThread "Unconstrained build operations Thread 65" [_thread_blocked, id=23724, stack(0x000000c044000000,0x000000c044100000)]
  0x000001fc4f7e6000 JavaThread "Unconstrained build operations Thread 66" [_thread_blocked, id=4108, stack(0x000000c044100000,0x000000c044200000)]
  0x000001fc4f791000 JavaThread "Unconstrained build operations Thread 67" [_thread_blocked, id=9376, stack(0x000000c044200000,0x000000c044300000)]
  0x000001fc4f78f800 JavaThread "Unconstrained build operations Thread 68" [_thread_blocked, id=2060, stack(0x000000c044300000,0x000000c044400000)]
  0x000001fc4f790000 JavaThread "Unconstrained build operations Thread 69" [_thread_blocked, id=7240, stack(0x000000c044400000,0x000000c044500000)]
  0x000001fc4f78d000 JavaThread "Unconstrained build operations Thread 70" [_thread_blocked, id=18628, stack(0x000000c044500000,0x000000c044600000)]
  0x000001fc4f78d800 JavaThread "Unconstrained build operations Thread 71" [_thread_blocked, id=11216, stack(0x000000c044600000,0x000000c044700000)]
  0x000001fc4f78b000 JavaThread "Unconstrained build operations Thread 72" [_thread_blocked, id=18832, stack(0x000000c044700000,0x000000c044800000)]
  0x000001fc4f78e800 JavaThread "Unconstrained build operations Thread 73" [_thread_blocked, id=24704, stack(0x000000c044800000,0x000000c044900000)]
  0x000001fc4f792000 JavaThread "Unconstrained build operations Thread 74" [_thread_blocked, id=1772, stack(0x000000c044900000,0x000000c044a00000)]
  0x000001fc4f78c000 JavaThread "Unconstrained build operations Thread 75" [_thread_blocked, id=11932, stack(0x000000c044a00000,0x000000c044b00000)]
  0x000001fc4f796000 JavaThread "Unconstrained build operations Thread 76" [_thread_blocked, id=15676, stack(0x000000c044b00000,0x000000c044c00000)]
  0x000001fc4f796800 JavaThread "Unconstrained build operations Thread 77" [_thread_blocked, id=14404, stack(0x000000c044c00000,0x000000c044d00000)]
  0x000001fc4f793800 JavaThread "Unconstrained build operations Thread 78" [_thread_blocked, id=22412, stack(0x000000c044d00000,0x000000c044e00000)]
  0x000001fc4f797800 JavaThread "Unconstrained build operations Thread 79" [_thread_blocked, id=25256, stack(0x000000c044e00000,0x000000c044f00000)]
  0x000001fc4f795000 JavaThread "Unconstrained build operations Thread 80" [_thread_blocked, id=17192, stack(0x000000c044f00000,0x000000c045000000)]
  0x000001fc4f798800 JavaThread "Unconstrained build operations Thread 81" [_thread_blocked, id=18864, stack(0x000000c045000000,0x000000c045100000)]
  0x000001fc4f794000 JavaThread "Unconstrained build operations Thread 82" [_thread_blocked, id=24648, stack(0x000000c045100000,0x000000c045200000)]
  0x000001fc4f792800 JavaThread "Unconstrained build operations Thread 83" [_thread_blocked, id=9488, stack(0x000000c045200000,0x000000c045300000)]
  0x000001fc4f799000 JavaThread "Unconstrained build operations Thread 84" [_thread_blocked, id=19608, stack(0x000000c045300000,0x000000c045400000)]
  0x000001fc4f79a000 JavaThread "Unconstrained build operations Thread 85" [_thread_blocked, id=4876, stack(0x000000c045400000,0x000000c045500000)]
  0x000001fc4f7bf800 JavaThread "Unconstrained build operations Thread 86" [_thread_blocked, id=1624, stack(0x000000c045500000,0x000000c045600000)]
  0x000001fc4f7c1000 JavaThread "Unconstrained build operations Thread 87" [_thread_blocked, id=20000, stack(0x000000c045600000,0x000000c045700000)]
  0x000001fc4f7bc000 JavaThread "Unconstrained build operations Thread 88" [_thread_blocked, id=21596, stack(0x000000c045700000,0x000000c045800000)]
  0x000001fc4f7bb000 JavaThread "Unconstrained build operations Thread 89" [_thread_blocked, id=6256, stack(0x000000c045800000,0x000000c045900000)]
  0x000001fc4f7bd800 JavaThread "Unconstrained build operations Thread 90" [_thread_blocked, id=18856, stack(0x000000c045900000,0x000000c045a00000)]
  0x000001fc4f7c0000 JavaThread "Unconstrained build operations Thread 91" [_thread_blocked, id=1428, stack(0x000000c045a00000,0x000000c045b00000)]
  0x000001fc4f7c2000 JavaThread "Unconstrained build operations Thread 92" [_thread_blocked, id=7188, stack(0x000000c045b00000,0x000000c045c00000)]
  0x000001fc4f7c2800 JavaThread "Unconstrained build operations Thread 93" [_thread_blocked, id=24840, stack(0x000000c045c00000,0x000000c045d00000)]
  0x000001fc4f7bd000 JavaThread "Unconstrained build operations Thread 94" [_thread_blocked, id=25424, stack(0x000000c045d00000,0x000000c045e00000)]
  0x000001fc4f7c3800 JavaThread "Unconstrained build operations Thread 95" [_thread_blocked, id=920, stack(0x000000c045e00000,0x000000c045f00000)]
  0x000001fc4f7c4000 JavaThread "Unconstrained build operations Thread 96" [_thread_blocked, id=25060, stack(0x000000c045f00000,0x000000c046000000)]
  0x000001fc4f7be800 JavaThread "Unconstrained build operations Thread 97" [_thread_blocked, id=4252, stack(0x000000c046000000,0x000000c046100000)]
  0x000001fc4f7c6000 JavaThread "Unconstrained build operations Thread 98" [_thread_blocked, id=16144, stack(0x000000c046100000,0x000000c046200000)]
  0x000001fc4f7ca000 JavaThread "Unconstrained build operations Thread 99" [_thread_blocked, id=18392, stack(0x000000c046200000,0x000000c046300000)]
  0x000001fc4f7c5000 JavaThread "Unconstrained build operations Thread 100" [_thread_blocked, id=7732, stack(0x000000c046300000,0x000000c046400000)]
  0x000001fc4f7c7800 JavaThread "Unconstrained build operations Thread 101" [_thread_blocked, id=25228, stack(0x000000c046400000,0x000000c046500000)]
  0x000001fc4f7c6800 JavaThread "Unconstrained build operations Thread 102" [_thread_blocked, id=19252, stack(0x000000c046500000,0x000000c046600000)]
  0x000001fc4f7c8800 JavaThread "Unconstrained build operations Thread 103" [_thread_blocked, id=22000, stack(0x000000c046600000,0x000000c046700000)]
  0x000001fc4f7c9000 JavaThread "Unconstrained build operations Thread 104" [_thread_blocked, id=11880, stack(0x000000c046700000,0x000000c046800000)]
  0x000001fc4fe5f000 JavaThread "Unconstrained build operations Thread 105" [_thread_blocked, id=8196, stack(0x000000c046800000,0x000000c046900000)]
  0x000001fc4fe5a000 JavaThread "Unconstrained build operations Thread 106" [_thread_blocked, id=10572, stack(0x000000c046900000,0x000000c046a00000)]
  0x000001fc4fe5e000 JavaThread "Unconstrained build operations Thread 107" [_thread_blocked, id=14072, stack(0x000000c046a00000,0x000000c046b00000)]
  0x000001fc4fe5b800 JavaThread "Unconstrained build operations Thread 108" [_thread_blocked, id=544, stack(0x000000c046b00000,0x000000c046c00000)]
  0x000001fc4fe5b000 JavaThread "Unconstrained build operations Thread 109" [_thread_blocked, id=21380, stack(0x000000c046c00000,0x000000c046d00000)]
  0x000001fc4fe5c800 JavaThread "Unconstrained build operations Thread 110" [_thread_blocked, id=3504, stack(0x000000c046d00000,0x000000c046e00000)]
  0x000001fc4fe5d800 JavaThread "Unconstrained build operations Thread 111" [_thread_blocked, id=13220, stack(0x000000c046e00000,0x000000c046f00000)]
  0x000001fc4fe59800 JavaThread "Unconstrained build operations Thread 112" [_thread_blocked, id=25392, stack(0x000000c046f00000,0x000000c047000000)]
  0x000001fc4fe60800 JavaThread "Unconstrained build operations Thread 113" [_thread_blocked, id=14016, stack(0x000000c047000000,0x000000c047100000)]
  0x000001fc4fe61800 JavaThread "Unconstrained build operations Thread 114" [_thread_blocked, id=18528, stack(0x000000c047100000,0x000000c047200000)]
  0x000001fc4fe64000 JavaThread "Unconstrained build operations Thread 115" [_thread_blocked, id=25352, stack(0x000000c047200000,0x000000c047300000)]
  0x000001fc4fe62800 JavaThread "Unconstrained build operations Thread 116" [_thread_blocked, id=15028, stack(0x000000c047300000,0x000000c047400000)]
  0x000001fc4fe64800 JavaThread "Unconstrained build operations Thread 117" [_thread_blocked, id=14076, stack(0x000000c047400000,0x000000c047500000)]
  0x000001fc4fe65800 JavaThread "Unconstrained build operations Thread 118" [_thread_blocked, id=25472, stack(0x000000c047500000,0x000000c047600000)]
  0x000001fc4fe60000 JavaThread "Unconstrained build operations Thread 119" [_thread_blocked, id=25088, stack(0x000000c047600000,0x000000c047700000)]
  0x000001fc4fe66800 JavaThread "Unconstrained build operations Thread 120" [_thread_blocked, id=3872, stack(0x000000c047700000,0x000000c047800000)]
  0x000001fc4fe63000 JavaThread "Memory manager" [_thread_blocked, id=11708, stack(0x000000c047a00000,0x000000c047b00000)]
  0x000001fc4fe67000 JavaThread "C2 CompilerThread1" daemon [_thread_in_native, id=20716, stack(0x000000c047800000,0x000000c047900000)]
  0x000001fc4fe68000 JavaThread "C2 CompilerThread2" daemon [_thread_blocked, id=22048, stack(0x000000c047900000,0x000000c047a00000)]
  0x000001fc540a8000 JavaThread "Cache worker for kotlin-dsl (C:\Users\AMAL\.gradle\caches\7.6\kotlin-dsl)" [_thread_blocked, id=20088, stack(0x000000c047b00000,0x000000c047c00000)]

Other Threads:
=>0x000001fc48ac0000 VMThread "VM Thread" [stack: 0x000000c03c700000,0x000000c03c800000] [id=10896]
  0x000001fc495c3000 WatcherThread [stack: 0x000000c03d100000,0x000000c03d200000] [id=24760]
  0x000001fc2f4e4800 GCTaskThread "GC Thread#0" [stack: 0x000000c03c200000,0x000000c03c300000] [id=4388]
  0x000001fc4aad6800 GCTaskThread "GC Thread#1" [stack: 0x000000c03d200000,0x000000c03d300000] [id=24084]
  0x000001fc4a352800 GCTaskThread "GC Thread#2" [stack: 0x000000c03d800000,0x000000c03d900000] [id=5792]
  0x000001fc4a360000 GCTaskThread "GC Thread#3" [stack: 0x000000c03d900000,0x000000c03da00000] [id=13624]
  0x000001fc4b761000 GCTaskThread "GC Thread#4" [stack: 0x000000c03da00000,0x000000c03db00000] [id=21212]
  0x000001fc4b63d800 GCTaskThread "GC Thread#5" [stack: 0x000000c03db00000,0x000000c03dc00000] [id=23920]
  0x000001fc4b755000 GCTaskThread "GC Thread#6" [stack: 0x000000c03dc00000,0x000000c03dd00000] [id=20916]
  0x000001fc4a340800 GCTaskThread "GC Thread#7" [stack: 0x000000c03dd00000,0x000000c03de00000] [id=7952]
  0x000001fc4b8d5000 GCTaskThread "GC Thread#8" [stack: 0x000000c03de00000,0x000000c03df00000] [id=25264]
  0x000001fc4b8d5800 GCTaskThread "GC Thread#9" [stack: 0x000000c03df00000,0x000000c03e000000] [id=19492]
  0x000001fc2f50d000 ConcurrentGCThread "G1 Main Marker" [stack: 0x000000c03c300000,0x000000c03c400000] [id=11120]
  0x000001fc2f514000 ConcurrentGCThread "G1 Conc#0" [stack: 0x000000c03c400000,0x000000c03c500000] [id=12160]
  0x000001fc4be98800 ConcurrentGCThread "G1 Conc#1" [stack: 0x000000c03e700000,0x000000c03e800000] [id=2152]
  0x000001fc4bef3800 ConcurrentGCThread "G1 Conc#2" [stack: 0x000000c03e800000,0x000000c03e900000] [id=12916]
  0x000001fc48911800 ConcurrentGCThread "G1 Refine#0" [stack: 0x000000c03c500000,0x000000c03c600000] [id=2672]
  0x000001fc2f597000 ConcurrentGCThread "G1 Young RemSet Sampling" [stack: 0x000000c03c600000,0x000000c03c700000] [id=21708]

Threads with active compile tasks:
C2 CompilerThread0  15196 8323       4       com.sun.beans.TypeResolver::resolve (37 bytes)
C2 CompilerThread1  15196 8335   !   4       java.lang.reflect.Executable::sharedToGenericString (321 bytes)
C2 CompilerThread2  15196 8384   !   4       java.util.concurrent.ConcurrentHashMap::computeIfAbsent (576 bytes)

VM state:at safepoint (normal execution)

VM Mutex/Monitor currently owned by a thread:  ([mutex/lock_event])
[0x000001fc2f4c8170] Threads_lock - owner thread: 0x000001fc48ac0000
[0x000001fc2f4c8c20] Heap_lock - owner thread: 0x000001fc495a7800

Heap address: 0x00000000a0000000, size: 1536 MB, Compressed Oops mode: 32-bit
Narrow klass base: 0x0000000000000000, Narrow klass shift: 3
Compressed class space size: 1073741824 Address: 0x0000000100000000

Heap:
 garbage-first heap   total 214016K, used 102033K [0x00000000a0000000, 0x0000000100000000)
  region size 1024K, 3 young (3072K), 3 survivors (3072K)
 Metaspace       used 76767K, capacity 79169K, committed 79432K, reserved 1118208K
  class space    used 9832K, capacity 10679K, committed 10700K, reserved 1048576K
Heap Regions: E=young(eden), S=young(survivor), O=old, HS=humongous(starts), HC=humongous(continues), CS=collection set, F=free, A=archive, TAMS=top-at-mark-start (previous, next)
|   0|0x00000000a0000000, 0x00000000a0100000, 0x00000000a0100000|100%|HS|  |TAMS 0x00000000a0100000, 0x00000000a0000000| Complete 
|   1|0x00000000a0100000, 0x00000000a0200000, 0x00000000a0200000|100%|HC|  |TAMS 0x00000000a0200000, 0x00000000a0100000| Complete 
|   2|0x00000000a0200000, 0x00000000a0300000, 0x00000000a0300000|100%|HC|  |TAMS 0x00000000a0300000, 0x00000000a0200000| Complete 
|   3|0x00000000a0300000, 0x00000000a0400000, 0x00000000a0400000|100%| O|  |TAMS 0x00000000a0400000, 0x00000000a0300000| Untracked 
|   4|0x00000000a0400000, 0x00000000a0500000, 0x00000000a0500000|100%| O|  |TAMS 0x00000000a0500000, 0x00000000a0400000| Untracked 
|   5|0x00000000a0500000, 0x00000000a0600000, 0x00000000a0600000|100%| O|  |TAMS 0x00000000a0600000, 0x00000000a0500000| Untracked 
|   6|0x00000000a0600000, 0x00000000a0700000, 0x00000000a0700000|100%| O|  |TAMS 0x00000000a0700000, 0x00000000a0600000| Untracked 
|   7|0x00000000a0700000, 0x00000000a0800000, 0x00000000a0800000|100%| O|  |TAMS 0x00000000a0800000, 0x00000000a0700000| Untracked 
|   8|0x00000000a0800000, 0x00000000a0900000, 0x00000000a0900000|100%| O|  |TAMS 0x00000000a0900000, 0x00000000a0800000| Untracked 
|   9|0x00000000a0900000, 0x00000000a0a00000, 0x00000000a0a00000|100%| O|  |TAMS 0x00000000a0a00000, 0x00000000a0900000| Untracked 
|  10|0x00000000a0a00000, 0x00000000a0b00000, 0x00000000a0b00000|100%| O|  |TAMS 0x00000000a0b00000, 0x00000000a0a00000| Untracked 
|  11|0x00000000a0b00000, 0x00000000a0c00000, 0x00000000a0c00000|100%| O|  |TAMS 0x00000000a0c00000, 0x00000000a0b00000| Untracked 
|  12|0x00000000a0c00000, 0x00000000a0d00000, 0x00000000a0d00000|100%| O|  |TAMS 0x00000000a0d00000, 0x00000000a0c00000| Untracked 
|  13|0x00000000a0d00000, 0x00000000a0e00000, 0x00000000a0e00000|100%| O|  |TAMS 0x00000000a0e00000, 0x00000000a0d00000| Untracked 
|  14|0x00000000a0e00000, 0x00000000a0f00000, 0x00000000a0f00000|100%| O|  |TAMS 0x00000000a0f00000, 0x00000000a0e00000| Untracked 
|  15|0x00000000a0f00000, 0x00000000a1000000, 0x00000000a1000000|100%| O|  |TAMS 0x00000000a1000000, 0x00000000a0f00000| Untracked 
|  16|0x00000000a1000000, 0x00000000a1100000, 0x00000000a1100000|100%|HS|  |TAMS 0x00000000a1100000, 0x00000000a1000000| Complete 
|  17|0x00000000a1100000, 0x00000000a1200000, 0x00000000a1200000|100%|HC|  |TAMS 0x00000000a1200000, 0x00000000a1100000| Complete 
|  18|0x00000000a1200000, 0x00000000a1300000, 0x00000000a1300000|100%|HS|  |TAMS 0x00000000a1300000, 0x00000000a1200000| Complete 
|  19|0x00000000a1300000, 0x00000000a1400000, 0x00000000a1400000|100%|HC|  |TAMS 0x00000000a1400000, 0x00000000a1300000| Complete 
|  20|0x00000000a1400000, 0x00000000a1500000, 0x00000000a1500000|100%|HC|  |TAMS 0x00000000a1500000, 0x00000000a1400000| Complete 
|  21|0x00000000a1500000, 0x00000000a1600000, 0x00000000a1600000|100%|HS|  |TAMS 0x00000000a1600000, 0x00000000a1500000| Complete 
|  22|0x00000000a1600000, 0x00000000a1700000, 0x00000000a1700000|100%|HS|  |TAMS 0x00000000a1700000, 0x00000000a1600000| Complete 
|  23|0x00000000a1700000, 0x00000000a1800000, 0x00000000a1800000|100%|HC|  |TAMS 0x00000000a1800000, 0x00000000a1700000| Complete 
|  24|0x00000000a1800000, 0x00000000a1900000, 0x00000000a1900000|100%|HC|  |TAMS 0x00000000a1900000, 0x00000000a1800000| Complete 
|  25|0x00000000a1900000, 0x00000000a1a00000, 0x00000000a1a00000|100%|HC|  |TAMS 0x00000000a1a00000, 0x00000000a1900000| Complete 
|  26|0x00000000a1a00000, 0x00000000a1b00000, 0x00000000a1b00000|100%| O|  |TAMS 0x00000000a1b00000, 0x00000000a1a00000| Untracked 
|  27|0x00000000a1b00000, 0x00000000a1c00000, 0x00000000a1c00000|100%| O|  |TAMS 0x00000000a1c00000, 0x00000000a1b00000| Untracked 
|  28|0x00000000a1c00000, 0x00000000a1d00000, 0x00000000a1d00000|100%| O|  |TAMS 0x00000000a1d00000, 0x00000000a1c00000| Untracked 
|  29|0x00000000a1d00000, 0x00000000a1e00000, 0x00000000a1e00000|100%| O|  |TAMS 0x00000000a1e00000, 0x00000000a1d00000| Untracked 
|  30|0x00000000a1e00000, 0x00000000a1f00000, 0x00000000a1f00000|100%| O|  |TAMS 0x00000000a1f00000, 0x00000000a1e00000| Untracked 
|  31|0x00000000a1f00000, 0x00000000a2000000, 0x00000000a2000000|100%| O|  |TAMS 0x00000000a2000000, 0x00000000a1f00000| Untracked 
|  32|0x00000000a2000000, 0x00000000a2100000, 0x00000000a2100000|100%| O|  |TAMS 0x00000000a2100000, 0x00000000a2000000| Untracked 
|  33|0x00000000a2100000, 0x00000000a2200000, 0x00000000a2200000|100%| O|  |TAMS 0x00000000a2200000, 0x00000000a2100000| Untracked 
|  34|0x00000000a2200000, 0x00000000a2300000, 0x00000000a2300000|100%|HS|  |TAMS 0x00000000a2300000, 0x00000000a2200000| Complete 
|  35|0x00000000a2300000, 0x00000000a2400000, 0x00000000a2400000|100%|HC|  |TAMS 0x00000000a2400000, 0x00000000a2300000| Complete 
|  36|0x00000000a2400000, 0x00000000a2500000, 0x00000000a2500000|100%|HC|  |TAMS 0x00000000a2500000, 0x00000000a2400000| Complete 
|  37|0x00000000a2500000, 0x00000000a2600000, 0x00000000a2600000|100%| O|  |TAMS 0x00000000a2600000, 0x00000000a2500000| Untracked 
|  38|0x00000000a2600000, 0x00000000a2700000, 0x00000000a2700000|100%| O|  |TAMS 0x00000000a2700000, 0x00000000a2600000| Untracked 
|  39|0x00000000a2700000, 0x00000000a2800000, 0x00000000a2800000|100%| O|  |TAMS 0x00000000a2800000, 0x00000000a2700000| Untracked 
|  40|0x00000000a2800000, 0x00000000a2900000, 0x00000000a2900000|100%| O|  |TAMS 0x00000000a2900000, 0x00000000a2800000| Untracked 
|  41|0x00000000a2900000, 0x00000000a2a00000, 0x00000000a2a00000|100%| O|  |TAMS 0x00000000a2a00000, 0x00000000a2900000| Untracked 
|  42|0x00000000a2a00000, 0x00000000a2b00000, 0x00000000a2b00000|100%| O|  |TAMS 0x00000000a2b00000, 0x00000000a2a00000| Untracked 
|  43|0x00000000a2b00000, 0x00000000a2c00000, 0x00000000a2c00000|100%|HS|  |TAMS 0x00000000a2c00000, 0x00000000a2b00000| Complete 
|  44|0x00000000a2c00000, 0x00000000a2d00000, 0x00000000a2d00000|100%|HS|  |TAMS 0x00000000a2d00000, 0x00000000a2c00000| Complete 
|  45|0x00000000a2d00000, 0x00000000a2e00000, 0x00000000a2e00000|100%|HC|  |TAMS 0x00000000a2e00000, 0x00000000a2d00000| Complete 
|  46|0x00000000a2e00000, 0x00000000a2f00000, 0x00000000a2f00000|100%|HC|  |TAMS 0x00000000a2f00000, 0x00000000a2e00000| Complete 
|  47|0x00000000a2f00000, 0x00000000a3000000, 0x00000000a3000000|100%|HC|  |TAMS 0x00000000a3000000, 0x00000000a2f00000| Complete 
|  48|0x00000000a3000000, 0x00000000a3100000, 0x00000000a3100000|100%| O|  |TAMS 0x00000000a3100000, 0x00000000a3000000| Untracked 
|  49|0x00000000a3100000, 0x00000000a3200000, 0x00000000a3200000|100%| O|  |TAMS 0x00000000a3200000, 0x00000000a3100000| Untracked 
|  50|0x00000000a3200000, 0x00000000a3300000, 0x00000000a3300000|100%| O|  |TAMS 0x00000000a3300000, 0x00000000a3200000| Untracked 
|  51|0x00000000a3300000, 0x00000000a3400000, 0x00000000a3400000|100%| O|  |TAMS 0x00000000a3400000, 0x00000000a3300000| Untracked 
|  52|0x00000000a3400000, 0x00000000a3500000, 0x00000000a3500000|100%| O|  |TAMS 0x00000000a3500000, 0x00000000a3400000| Untracked 
|  53|0x00000000a3500000, 0x00000000a3600000, 0x00000000a3600000|100%| O|  |TAMS 0x00000000a3600000, 0x00000000a3500000| Untracked 
|  54|0x00000000a3600000, 0x00000000a3700000, 0x00000000a3700000|100%| O|  |TAMS 0x00000000a3700000, 0x00000000a3600000| Untracked 
|  55|0x00000000a3700000, 0x00000000a3800000, 0x00000000a3800000|100%| O|  |TAMS 0x00000000a3800000, 0x00000000a3700000| Untracked 
|  56|0x00000000a3800000, 0x00000000a3900000, 0x00000000a3900000|100%| O|  |TAMS 0x00000000a3900000, 0x00000000a3800000| Untracked 
|  57|0x00000000a3900000, 0x00000000a3a00000, 0x00000000a3a00000|100%| O|  |TAMS 0x00000000a3a00000, 0x00000000a3900000| Untracked 
|  58|0x00000000a3a00000, 0x00000000a3b00000, 0x00000000a3b00000|100%|HS|  |TAMS 0x00000000a3b00000, 0x00000000a3a00000| Complete 
|  59|0x00000000a3b00000, 0x00000000a3c00000, 0x00000000a3c00000|100%| O|  |TAMS 0x00000000a3c00000, 0x00000000a3b00000| Untracked 
|  60|0x00000000a3c00000, 0x00000000a3d00000, 0x00000000a3d00000|100%| O|  |TAMS 0x00000000a3d00000, 0x00000000a3c00000| Untracked 
|  61|0x00000000a3d00000, 0x00000000a3e00000, 0x00000000a3e00000|100%|HS|  |TAMS 0x00000000a3e00000, 0x00000000a3d00000| Complete 
|  62|0x00000000a3e00000, 0x00000000a3f00000, 0x00000000a3f00000|100%|HS|  |TAMS 0x00000000a3f00000, 0x00000000a3e00000| Complete 
|  63|0x00000000a3f00000, 0x00000000a4000000, 0x00000000a4000000|100%| O|  |TAMS 0x00000000a4000000, 0x00000000a3f00000| Untracked 
|  64|0x00000000a4000000, 0x00000000a4100000, 0x00000000a4100000|100%|HS|  |TAMS 0x00000000a4100000, 0x00000000a4000000| Complete 
|  65|0x00000000a4100000, 0x00000000a4200000, 0x00000000a4200000|100%|HC|  |TAMS 0x00000000a4200000, 0x00000000a4100000| Complete 
|  66|0x00000000a4200000, 0x00000000a4300000, 0x00000000a4300000|100%|HC|  |TAMS 0x00000000a4300000, 0x00000000a4200000| Complete 
|  67|0x00000000a4300000, 0x00000000a4400000, 0x00000000a4400000|100%| O|  |TAMS 0x00000000a4400000, 0x00000000a4300000| Untracked 
|  68|0x00000000a4400000, 0x00000000a4500000, 0x00000000a4500000|100%| O|  |TAMS 0x00000000a4500000, 0x00000000a4400000| Untracked 
|  69|0x00000000a4500000, 0x00000000a4600000, 0x00000000a4600000|100%| O|  |TAMS 0x00000000a4600000, 0x00000000a4500000| Untracked 
|  70|0x00000000a4600000, 0x00000000a4700000, 0x00000000a4700000|100%| O|  |TAMS 0x00000000a4700000, 0x00000000a4600000| Untracked 
|  71|0x00000000a4700000, 0x00000000a4800000, 0x00000000a4800000|100%|HS|  |TAMS 0x00000000a4800000, 0x00000000a4700000| Complete 
|  72|0x00000000a4800000, 0x00000000a4900000, 0x00000000a4900000|100%|HC|  |TAMS 0x00000000a4900000, 0x00000000a4800000| Complete 
|  73|0x00000000a4900000, 0x00000000a4a00000, 0x00000000a4a00000|100%| O|  |TAMS 0x00000000a4a00000, 0x00000000a4900000| Untracked 
|  74|0x00000000a4a00000, 0x00000000a4b00000, 0x00000000a4b00000|100%| O|  |TAMS 0x00000000a4b00000, 0x00000000a4a00000| Untracked 
|  75|0x00000000a4b00000, 0x00000000a4c00000, 0x00000000a4c00000|100%| O|  |TAMS 0x00000000a4c00000, 0x00000000a4b00000| Untracked 
|  76|0x00000000a4c00000, 0x00000000a4d00000, 0x00000000a4d00000|100%| O|  |TAMS 0x00000000a4d00000, 0x00000000a4c00000| Untracked 
|  77|0x00000000a4d00000, 0x00000000a4e00000, 0x00000000a4e00000|100%| O|  |TAMS 0x00000000a4e00000, 0x00000000a4d00000| Untracked 
|  78|0x00000000a4e00000, 0x00000000a4f00000, 0x00000000a4f00000|100%| O|  |TAMS 0x00000000a4f00000, 0x00000000a4e00000| Untracked 
|  79|0x00000000a4f00000, 0x00000000a5000000, 0x00000000a5000000|100%| O|  |TAMS 0x00000000a5000000, 0x00000000a4f00000| Untracked 
|  80|0x00000000a5000000, 0x00000000a5100000, 0x00000000a5100000|100%| O|  |TAMS 0x00000000a5100000, 0x00000000a5000000| Untracked 
|  81|0x00000000a5100000, 0x00000000a5200000, 0x00000000a5200000|100%| O|  |TAMS 0x00000000a5200000, 0x00000000a5100000| Untracked 
|  82|0x00000000a5200000, 0x00000000a5300000, 0x00000000a5300000|100%| O|  |TAMS 0x00000000a5300000, 0x00000000a5200000| Untracked 
|  83|0x00000000a5300000, 0x00000000a5400000, 0x00000000a5400000|100%| O|  |TAMS 0x00000000a5400000, 0x00000000a5300000| Untracked 
|  84|0x00000000a5400000, 0x00000000a5500000, 0x00000000a5500000|100%| O|  |TAMS 0x00000000a5500000, 0x00000000a5400000| Untracked 
|  85|0x00000000a5500000, 0x00000000a5600000, 0x00000000a5600000|100%| O|  |TAMS 0x00000000a5600000, 0x00000000a5500000| Untracked 
|  86|0x00000000a5600000, 0x00000000a5700000, 0x00000000a5700000|100%|HS|  |TAMS 0x00000000a5700000, 0x00000000a5600000| Complete 
|  87|0x00000000a5700000, 0x00000000a5800000, 0x00000000a5800000|100%|HS|  |TAMS 0x00000000a5800000, 0x00000000a5700000| Complete 
|  88|0x00000000a5800000, 0x00000000a5900000, 0x00000000a5900000|100%| O|  |TAMS 0x00000000a5900000, 0x00000000a5800000| Untracked 
|  89|0x00000000a5900000, 0x00000000a5a00000, 0x00000000a5a00000|100%| O|  |TAMS 0x00000000a5a00000, 0x00000000a5900000| Untracked 
|  90|0x00000000a5a00000, 0x00000000a5b00000, 0x00000000a5b00000|100%| O|  |TAMS 0x00000000a5b00000, 0x00000000a5a00000| Untracked 
|  91|0x00000000a5b00000, 0x00000000a5c00000, 0x00000000a5c00000|100%| O|  |TAMS 0x00000000a5c00000, 0x00000000a5b00000| Untracked 
|  92|0x00000000a5c00000, 0x00000000a5d00000, 0x00000000a5d00000|100%| O|  |TAMS 0x00000000a5d00000, 0x00000000a5c00000| Untracked 
|  93|0x00000000a5d00000, 0x00000000a5e00000, 0x00000000a5e00000|100%| O|  |TAMS 0x00000000a5e00000, 0x00000000a5d00000| Untracked 
|  94|0x00000000a5e00000, 0x00000000a5f00000, 0x00000000a5f00000|100%| O|  |TAMS 0x00000000a5f00000, 0x00000000a5e00000| Untracked 
|  95|0x00000000a5f00000, 0x00000000a6000000, 0x00000000a6000000|100%| O|  |TAMS 0x00000000a5f41a00, 0x00000000a5f00000| Untracked 
|  96|0x00000000a6000000, 0x00000000a60cfc00, 0x00000000a6100000| 81%| O|  |TAMS 0x00000000a6000000, 0x00000000a6000000| Untracked 
|  97|0x00000000a6100000, 0x00000000a6100000, 0x00000000a6200000|  0%| F|  |TAMS 0x00000000a6100000, 0x00000000a6100000| Untracked 
|  98|0x00000000a6200000, 0x00000000a6200000, 0x00000000a6300000|  0%| F|  |TAMS 0x00000000a6200000, 0x00000000a6200000| Untracked 
|  99|0x00000000a6300000, 0x00000000a6300000, 0x00000000a6400000|  0%| F|  |TAMS 0x00000000a6300000, 0x00000000a6300000| Untracked 
| 100|0x00000000a6400000, 0x00000000a6400000, 0x00000000a6500000|  0%| F|  |TAMS 0x00000000a6400000, 0x00000000a6400000| Untracked 
| 101|0x00000000a6500000, 0x00000000a6500000, 0x00000000a6600000|  0%| F|  |TAMS 0x00000000a6500000, 0x00000000a6500000| Untracked 
| 102|0x00000000a6600000, 0x00000000a6600000, 0x00000000a6700000|  0%| F|  |TAMS 0x00000000a6600000, 0x00000000a6600000| Untracked 
| 103|0x00000000a6700000, 0x00000000a6700000, 0x00000000a6800000|  0%| F|  |TAMS 0x00000000a6700000, 0x00000000a6700000| Untracked 
| 104|0x00000000a6800000, 0x00000000a6800000, 0x00000000a6900000|  0%| F|  |TAMS 0x00000000a6800000, 0x00000000a6800000| Untracked 
| 105|0x00000000a6900000, 0x00000000a6900000, 0x00000000a6a00000|  0%| F|  |TAMS 0x00000000a6900000, 0x00000000a6900000| Untracked 
| 106|0x00000000a6a00000, 0x00000000a6a00000, 0x00000000a6b00000|  0%| F|  |TAMS 0x00000000a6a00000, 0x00000000a6a00000| Untracked 
| 107|0x00000000a6b00000, 0x00000000a6b00000, 0x00000000a6c00000|  0%| F|  |TAMS 0x00000000a6b00000, 0x00000000a6b00000| Untracked 
| 108|0x00000000a6c00000, 0x00000000a6c00000, 0x00000000a6d00000|  0%| F|  |TAMS 0x00000000a6c00000, 0x00000000a6c00000| Untracked 
| 109|0x00000000a6d00000, 0x00000000a6d00000, 0x00000000a6e00000|  0%| F|  |TAMS 0x00000000a6d00000, 0x00000000a6d00000| Untracked 
| 110|0x00000000a6e00000, 0x00000000a6e00000, 0x00000000a6f00000|  0%| F|  |TAMS 0x00000000a6e00000, 0x00000000a6e00000| Untracked 
| 111|0x00000000a6f00000, 0x00000000a6f00000, 0x00000000a7000000|  0%| F|  |TAMS 0x00000000a6f00000, 0x00000000a6f00000| Untracked 
| 112|0x00000000a7000000, 0x00000000a7000000, 0x00000000a7100000|  0%| F|  |TAMS 0x00000000a7000000, 0x00000000a7000000| Untracked 
| 113|0x00000000a7100000, 0x00000000a7100000, 0x00000000a7200000|  0%| F|  |TAMS 0x00000000a7100000, 0x00000000a7100000| Untracked 
| 114|0x00000000a7200000, 0x00000000a7200000, 0x00000000a7300000|  0%| F|  |TAMS 0x00000000a7200000, 0x00000000a7200000| Untracked 
| 115|0x00000000a7300000, 0x00000000a7300000, 0x00000000a7400000|  0%| F|  |TAMS 0x00000000a7300000, 0x00000000a7300000| Untracked 
| 116|0x00000000a7400000, 0x00000000a7400000, 0x00000000a7500000|  0%| F|  |TAMS 0x00000000a7400000, 0x00000000a7400000| Untracked 
| 117|0x00000000a7500000, 0x00000000a7500000, 0x00000000a7600000|  0%| F|  |TAMS 0x00000000a7500000, 0x00000000a7500000| Untracked 
| 118|0x00000000a7600000, 0x00000000a7600000, 0x00000000a7700000|  0%| F|  |TAMS 0x00000000a7600000, 0x00000000a7600000| Untracked 
| 119|0x00000000a7700000, 0x00000000a7700000, 0x00000000a7800000|  0%| F|  |TAMS 0x00000000a7700000, 0x00000000a7700000| Untracked 
| 120|0x00000000a7800000, 0x00000000a7800000, 0x00000000a7900000|  0%| F|  |TAMS 0x00000000a7800000, 0x00000000a7800000| Untracked 
| 121|0x00000000a7900000, 0x00000000a79d4b90, 0x00000000a7a00000| 83%| S|CS|TAMS 0x00000000a7900000, 0x00000000a7900000| Complete 
| 122|0x00000000a7a00000, 0x00000000a7a00000, 0x00000000a7b00000|  0%| F|  |TAMS 0x00000000a7a00000, 0x00000000a7a00000| Untracked 
| 123|0x00000000a7b00000, 0x00000000a7b00000, 0x00000000a7c00000|  0%| F|  |TAMS 0x00000000a7b00000, 0x00000000a7b00000| Untracked 
| 124|0x00000000a7c00000, 0x00000000a7d00000, 0x00000000a7d00000|100%| S|CS|TAMS 0x00000000a7c00000, 0x00000000a7c00000| Complete 
| 125|0x00000000a7d00000, 0x00000000a7e00000, 0x00000000a7e00000|100%| S|CS|TAMS 0x00000000a7d00000, 0x00000000a7d00000| Complete 
| 126|0x00000000a7e00000, 0x00000000a7e00000, 0x00000000a7f00000|  0%| F|  |TAMS 0x00000000a7e00000, 0x00000000a7e00000| Untracked 
| 127|0x00000000a7f00000, 0x00000000a7f00000, 0x00000000a8000000|  0%| F|  |TAMS 0x00000000a7f00000, 0x00000000a7f00000| Untracked 
| 128|0x00000000a8000000, 0x00000000a8000000, 0x00000000a8100000|  0%| F|  |TAMS 0x00000000a8000000, 0x00000000a8000000| Untracked 
| 129|0x00000000a8100000, 0x00000000a8100000, 0x00000000a8200000|  0%| F|  |TAMS 0x00000000a8100000, 0x00000000a8100000| Untracked 
| 130|0x00000000a8200000, 0x00000000a8200000, 0x00000000a8300000|  0%| F|  |TAMS 0x00000000a8200000, 0x00000000a8200000| Untracked 
| 131|0x00000000a8300000, 0x00000000a8300000, 0x00000000a8400000|  0%| F|  |TAMS 0x00000000a8300000, 0x00000000a8300000| Untracked 
| 132|0x00000000a8400000, 0x00000000a8400000, 0x00000000a8500000|  0%| F|  |TAMS 0x00000000a8400000, 0x00000000a8400000| Untracked 
| 133|0x00000000a8500000, 0x00000000a8500000, 0x00000000a8600000|  0%| F|  |TAMS 0x00000000a8500000, 0x00000000a8500000| Untracked 
| 134|0x00000000a8600000, 0x00000000a8600000, 0x00000000a8700000|  0%| F|  |TAMS 0x00000000a8600000, 0x00000000a8600000| Untracked 
| 135|0x00000000a8700000, 0x00000000a8700000, 0x00000000a8800000|  0%| F|  |TAMS 0x00000000a8700000, 0x00000000a8700000| Untracked 
| 136|0x00000000a8800000, 0x00000000a8800000, 0x00000000a8900000|  0%| F|  |TAMS 0x00000000a8800000, 0x00000000a8800000| Untracked 
| 137|0x00000000a8900000, 0x00000000a8900000, 0x00000000a8a00000|  0%| F|  |TAMS 0x00000000a8900000, 0x00000000a8900000| Untracked 
| 138|0x00000000a8a00000, 0x00000000a8a00000, 0x00000000a8b00000|  0%| F|  |TAMS 0x00000000a8a00000, 0x00000000a8a00000| Untracked 
| 139|0x00000000a8b00000, 0x00000000a8b00000, 0x00000000a8c00000|  0%| F|  |TAMS 0x00000000a8b00000, 0x00000000a8b00000| Untracked 
| 140|0x00000000a8c00000, 0x00000000a8c00000, 0x00000000a8d00000|  0%| F|  |TAMS 0x00000000a8c00000, 0x00000000a8c00000| Untracked 
| 141|0x00000000a8d00000, 0x00000000a8d00000, 0x00000000a8e00000|  0%| F|  |TAMS 0x00000000a8d00000, 0x00000000a8d00000| Untracked 
| 142|0x00000000a8e00000, 0x00000000a8e00000, 0x00000000a8f00000|  0%| F|  |TAMS 0x00000000a8e00000, 0x00000000a8e00000| Untracked 
| 143|0x00000000a8f00000, 0x00000000a8f00000, 0x00000000a9000000|  0%| F|  |TAMS 0x00000000a8f00000, 0x00000000a8f00000| Untracked 
| 144|0x00000000a9000000, 0x00000000a9000000, 0x00000000a9100000|  0%| F|  |TAMS 0x00000000a9000000, 0x00000000a9000000| Untracked 
| 145|0x00000000a9100000, 0x00000000a9100000, 0x00000000a9200000|  0%| F|  |TAMS 0x00000000a9100000, 0x00000000a9100000| Untracked 
| 146|0x00000000a9200000, 0x00000000a9200000, 0x00000000a9300000|  0%| F|  |TAMS 0x00000000a9200000, 0x00000000a9200000| Untracked 

Card table byte_map: [0x000001fc42840000,0x000001fc42b40000] _byte_map_base: 0x000001fc42340000

Marking Bits (Prev, Next): (CMBitMap*) 0x000001fc2f5063f8, (CMBitMap*) 0x000001fc2f506430
 Prev Bits: [0x000001fc42e40000, 0x000001fc44640000)
 Next Bits: [0x000001fc44640000, 0x000001fc45e40000)

Polling page: 0x000001fc2d460000

Metaspace:

Usage:
  Non-class:     66.88 MB capacity,    65.37 MB ( 98%) used,     1.30 MB (  2%) free+waste,   218.63 KB ( <1%) overhead. 
      Class:     10.43 MB capacity,     9.60 MB ( 92%) used,   743.40 KB (  7%) free+waste,   103.13 KB ( <1%) overhead. 
       Both:     77.31 MB capacity,    74.97 MB ( 97%) used,     2.03 MB (  3%) free+waste,   321.75 KB ( <1%) overhead. 

Virtual space:
  Non-class space:       68.00 MB reserved,      67.12 MB ( 99%) committed 
      Class space:        1.00 GB reserved,      10.45 MB (  1%) committed 
             Both:        1.07 GB reserved,      77.57 MB (  7%) committed 

Chunk freelists:
   Non-Class:  50.00 KB
       Class:  9.00 KB
        Both:  59.00 KB

MaxMetaspaceSize: 17179869184.00 GB
CompressedClassSpaceSize: 1.00 GB
Initial GC threshold: 20.80 MB
Current GC threshold: 126.58 MB
CDS: off

CodeHeap 'non-profiled nmethods': size=120000Kb used=4869Kb max_used=4869Kb free=115130Kb
 bounds [0x000001fc3aaa0000, 0x000001fc3af70000, 0x000001fc41fd0000]
CodeHeap 'profiled nmethods': size=120000Kb used=18013Kb max_used=18013Kb free=101986Kb
 bounds [0x000001fc33570000, 0x000001fc34710000, 0x000001fc3aaa0000]
CodeHeap 'non-nmethods': size=5760Kb used=2369Kb max_used=2456Kb free=3390Kb
 bounds [0x000001fc32fd0000, 0x000001fc33240000, 0x000001fc33570000]
 total_blobs=9186 nmethods=8302 adapters=796
 compilation: enabled
              stopped_count=0, restarted_count=0
 full_count=0

Compilation events (20 events):
Event: 15.070 Thread 0x000001fc49451800 nmethod 8376 0x000001fc34704290 code [0x000001fc34704460, 0x000001fc34704738]
Event: 15.070 Thread 0x000001fc4fe68000 8336       4       java.util.TreeMap$ValueIterator::next (8 bytes)
Event: 15.072 Thread 0x000001fc4fe68000 nmethod 8336 0x000001fc3af5fd10 code [0x000001fc3af5fea0, 0x000001fc3af60178]
Event: 15.079 Thread 0x000001fc49451800 8377       3       com.google.common.base.Preconditions::checkNotNull (14 bytes)
Event: 15.079 Thread 0x000001fc49451800 nmethod 8377 0x000001fc34704890 code [0x000001fc34704a60, 0x000001fc34704c28]
Event: 15.100 Thread 0x000001fc49451800 8378       1       com.android.build.gradle.internal.publishing.OutputSpecImpl::getOutputType (5 bytes)
Event: 15.100 Thread 0x000001fc49451800 nmethod 8378 0x000001fc3af60310 code [0x000001fc3af604c0, 0x000001fc3af60578]
Event: 15.102 Thread 0x000001fc49451800 8379       1       com.android.build.gradle.internal.publishing.OutputSpecImpl::getLibraryElements (5 bytes)
Event: 15.102 Thread 0x000001fc49451800 nmethod 8379 0x000001fc3af60610 code [0x000001fc3af607c0, 0x000001fc3af60878]
Event: 15.102 Thread 0x000001fc49451800 8380       1       com.android.build.gradle.internal.publishing.OutputSpecImpl::getArtifactType (5 bytes)
Event: 15.102 Thread 0x000001fc49451800 nmethod 8380 0x000001fc3af60910 code [0x000001fc3af60ac0, 0x000001fc3af60b78]
Event: 15.102 Thread 0x000001fc49451800 8381       1       com.android.build.gradle.internal.publishing.OutputSpecImpl::getPublishedConfigTypes (5 bytes)
Event: 15.102 Thread 0x000001fc49451800 nmethod 8381 0x000001fc3af60c10 code [0x000001fc3af60dc0, 0x000001fc3af60e78]
Event: 15.102 Thread 0x000001fc49451800 8382       1       com.google.common.collect.SingletonImmutableList::size (2 bytes)
Event: 15.102 Thread 0x000001fc49451800 nmethod 8382 0x000001fc3af60f10 code [0x000001fc3af610c0, 0x000001fc3af61178]
Event: 15.107 Thread 0x000001fc4fe68000 8383       4       org.objectweb.asm.Frame::pop (42 bytes)
Event: 15.108 Thread 0x000001fc4fe68000 nmethod 8383 0x000001fc3af61210 code [0x000001fc3af613a0, 0x000001fc3af61458]
Event: 15.114 Thread 0x000001fc4fe68000 8384   !   4       java.util.concurrent.ConcurrentHashMap::computeIfAbsent (576 bytes)
Event: 15.145 Thread 0x000001fc49451800 8387       3       org.gradle.internal.instantiation.generator.AbstractClassGenerator$ExtensibleTypePropertyHandler::applyTo (228 bytes)
Event: 15.146 Thread 0x000001fc49451800 nmethod 8387 0x000001fc34704d10 code [0x000001fc34705100, 0x000001fc34706db8]

GC Heap History (20 events):
Event: 14.324 GC heap after
{Heap after GC invocations=51 (full 0):
 garbage-first heap   total 120832K, used 95894K [0x00000000a0000000, 0x0000000100000000)
  region size 1024K, 1 young (1024K), 1 survivors (1024K)
 Metaspace       used 73337K, capacity 75455K, committed 75720K, reserved 1116160K
  class space    used 9335K, capacity 10045K, committed 10060K, reserved 1048576K
}
Event: 14.354 GC heap before
{Heap before GC invocations=52 (full 0):
 garbage-first heap   total 120832K, used 102038K [0x00000000a0000000, 0x0000000100000000)
  region size 1024K, 7 young (7168K), 1 survivors (1024K)
 Metaspace       used 73381K, capacity 75557K, committed 75848K, reserved 1116160K
  class space    used 9341K, capacity 10078K, committed 10188K, reserved 1048576K
}
Event: 14.356 GC heap after
{Heap after GC invocations=53 (full 0):
 garbage-first heap   total 120832K, used 96292K [0x00000000a0000000, 0x0000000100000000)
  region size 1024K, 1 young (1024K), 1 survivors (1024K)
 Metaspace       used 73381K, capacity 75557K, committed 75848K, reserved 1116160K
  class space    used 9341K, capacity 10078K, committed 10188K, reserved 1048576K
}
Event: 14.398 GC heap before
{Heap before GC invocations=53 (full 0):
 garbage-first heap   total 120832K, used 102436K [0x00000000a0000000, 0x0000000100000000)
  region size 1024K, 7 young (7168K), 1 survivors (1024K)
 Metaspace       used 73464K, capacity 75590K, committed 75848K, reserved 1116160K
  class space    used 9355K, capacity 10087K, committed 10188K, reserved 1048576K
}
Event: 14.400 GC heap after
{Heap after GC invocations=54 (full 0):
 garbage-first heap   total 120832K, used 96545K [0x00000000a0000000, 0x0000000100000000)
  region size 1024K, 1 young (1024K), 1 survivors (1024K)
 Metaspace       used 73464K, capacity 75590K, committed 75848K, reserved 1116160K
  class space    used 9355K, capacity 10087K, committed 10188K, reserved 1048576K
}
Event: 14.435 GC heap before
{Heap before GC invocations=54 (full 0):
 garbage-first heap   total 120832K, used 102689K [0x00000000a0000000, 0x0000000100000000)
  region size 1024K, 7 young (7168K), 1 survivors (1024K)
 Metaspace       used 73568K, capacity 75757K, committed 75848K, reserved 1116160K
  class space    used 9370K, capacity 10120K, committed 10188K, reserved 1048576K
}
Event: 14.437 GC heap after
{Heap after GC invocations=55 (full 0):
 garbage-first heap   total 120832K, used 96698K [0x00000000a0000000, 0x0000000100000000)
  region size 1024K, 1 young (1024K), 1 survivors (1024K)
 Metaspace       used 73568K, capacity 75757K, committed 75848K, reserved 1116160K
  class space    used 9370K, capacity 10120K, committed 10188K, reserved 1048576K
}
Event: 14.510 GC heap before
{Heap before GC invocations=56 (full 0):
 garbage-first heap   total 120832K, used 101818K [0x00000000a0000000, 0x0000000100000000)
  region size 1024K, 7 young (7168K), 1 survivors (1024K)
 Metaspace       used 73802K, capacity 75991K, committed 76104K, reserved 1116160K
  class space    used 9418K, capacity 10172K, committed 10188K, reserved 1048576K
}
Event: 14.512 GC heap after
{Heap after GC invocations=57 (full 0):
 garbage-first heap   total 120832K, used 97133K [0x00000000a0000000, 0x0000000100000000)
  region size 1024K, 1 young (1024K), 1 survivors (1024K)
 Metaspace       used 73802K, capacity 75991K, committed 76104K, reserved 1116160K
  class space    used 9418K, capacity 10172K, committed 10188K, reserved 1048576K
}
Event: 14.541 GC heap before
{Heap before GC invocations=57 (full 0):
 garbage-first heap   total 120832K, used 103277K [0x00000000a0000000, 0x0000000100000000)
  region size 1024K, 7 young (7168K), 1 survivors (1024K)
 Metaspace       used 73949K, capacity 76151K, committed 76488K, reserved 1116160K
  class space    used 9438K, capacity 10204K, committed 10316K, reserved 1048576K
}
Event: 14.543 GC heap after
{Heap after GC invocations=58 (full 0):
 garbage-first heap   total 120832K, used 97222K [0x00000000a0000000, 0x0000000100000000)
  region size 1024K, 1 young (1024K), 1 survivors (1024K)
 Metaspace       used 73949K, capacity 76151K, committed 76488K, reserved 1116160K
  class space    used 9438K, capacity 10204K, committed 10316K, reserved 1048576K
}
Event: 14.592 GC heap before
{Heap before GC invocations=59 (full 0):
 garbage-first heap   total 120832K, used 103366K [0x00000000a0000000, 0x0000000100000000)
  region size 1024K, 7 young (7168K), 1 survivors (1024K)
 Metaspace       used 73979K, capacity 76157K, committed 76488K, reserved 1116160K
  class space    used 9443K, capacity 10206K, committed 10316K, reserved 1048576K
}
Event: 14.594 GC heap after
{Heap after GC invocations=60 (full 0):
 garbage-first heap   total 150528K, used 97242K [0x00000000a0000000, 0x0000000100000000)
  region size 1024K, 1 young (1024K), 1 survivors (1024K)
 Metaspace       used 73979K, capacity 76157K, committed 76488K, reserved 1116160K
  class space    used 9443K, capacity 10206K, committed 10316K, reserved 1048576K
}
Event: 14.707 GC heap before
{Heap before GC invocations=60 (full 0):
 garbage-first heap   total 150528K, used 115674K [0x00000000a0000000, 0x0000000100000000)
  region size 1024K, 19 young (19456K), 1 survivors (1024K)
 Metaspace       used 74649K, capacity 76855K, committed 77128K, reserved 1116160K
  class space    used 9574K, capacity 10355K, committed 10444K, reserved 1048576K
}
Event: 14.709 GC heap after
{Heap after GC invocations=61 (full 0):
 garbage-first heap   total 150528K, used 97668K [0x00000000a0000000, 0x0000000100000000)
  region size 1024K, 1 young (1024K), 1 survivors (1024K)
 Metaspace       used 74649K, capacity 76855K, committed 77128K, reserved 1116160K
  class space    used 9574K, capacity 10355K, committed 10444K, reserved 1048576K
}
Event: 14.790 GC heap before
{Heap before GC invocations=62 (full 0):
 garbage-first heap   total 150528K, used 117124K [0x00000000a0000000, 0x0000000100000000)
  region size 1024K, 20 young (20480K), 1 survivors (1024K)
 Metaspace       used 74713K, capacity 76931K, committed 77128K, reserved 1116160K
  class space    used 9581K, capacity 10358K, committed 10444K, reserved 1048576K
}
Event: 14.793 GC heap after
{Heap after GC invocations=63 (full 0):
 garbage-first heap   total 150528K, used 99112K [0x00000000a0000000, 0x0000000100000000)
  region size 1024K, 3 young (3072K), 3 survivors (3072K)
 Metaspace       used 74713K, capacity 76931K, committed 77128K, reserved 1116160K
  class space    used 9581K, capacity 10358K, committed 10444K, reserved 1048576K
}
Event: 14.899 GC heap before
{Heap before GC invocations=63 (full 0):
 garbage-first heap   total 150528K, used 118568K [0x00000000a0000000, 0x0000000100000000)
  region size 1024K, 22 young (22528K), 3 survivors (3072K)
 Metaspace       used 75176K, capacity 77589K, committed 77768K, reserved 1116160K
  class space    used 9632K, capacity 10451K, committed 10572K, reserved 1048576K
}
Event: 14.903 GC heap after
{Heap after GC invocations=64 (full 0):
 garbage-first heap   total 150528K, used 100540K [0x00000000a0000000, 0x0000000100000000)
  region size 1024K, 3 young (3072K), 3 survivors (3072K)
 Metaspace       used 75176K, capacity 77589K, committed 77768K, reserved 1116160K
  class space    used 9632K, capacity 10451K, committed 10572K, reserved 1048576K
}
Event: 15.158 GC heap before
{Heap before GC invocations=65 (full 0):
 garbage-first heap   total 150528K, used 121020K [0x00000000a0000000, 0x0000000100000000)
  region size 1024K, 23 young (23552K), 3 survivors (3072K)
 Metaspace       used 76767K, capacity 79169K, committed 79432K, reserved 1118208K
  class space    used 9832K, capacity 10679K, committed 10700K, reserved 1048576K
}

Deoptimization events (20 events):
Event: 14.786 Thread 0x000001fc495a7800 Uncommon trap: trap_request=0xfffffff4 fr.pc=0x000001fc3af36890 relative=0x0000000000000a70
Event: 14.786 Thread 0x000001fc495a7800 Uncommon trap: reason=null_check action=make_not_entrant pc=0x000001fc3af36890 method=com.sun.beans.introspect.MethodInfo$MethodOrder.compare(Ljava/lang/reflect/Method;Ljava/lang/reflect/Method;)I @ 145 c2
Event: 14.786 Thread 0x000001fc495a7800 DEOPT PACKING pc=0x000001fc3af36890 sp=0x000000c03e1edbc0
Event: 14.786 Thread 0x000001fc495a7800 DEOPT UNPACKING pc=0x000001fc3301a1af sp=0x000000c03e1edb60 mode 2
Event: 14.806 Thread 0x000001fc495a7800 DEOPT PACKING pc=0x000001fc33eeeb70 sp=0x000000c03e1eeae0
Event: 14.806 Thread 0x000001fc495a7800 DEOPT UNPACKING pc=0x000001fc3301a95e sp=0x000000c03e1edfc0 mode 0
Event: 14.829 Thread 0x000001fc495a7800 DEOPT PACKING pc=0x000001fc33eeeb70 sp=0x000000c03e1ef0a0
Event: 14.829 Thread 0x000001fc495a7800 DEOPT UNPACKING pc=0x000001fc3301a95e sp=0x000000c03e1ee580 mode 0
Event: 14.829 Thread 0x000001fc495a7800 DEOPT PACKING pc=0x000001fc33e0b76b sp=0x000000c03e1eef00
Event: 14.829 Thread 0x000001fc495a7800 DEOPT UNPACKING pc=0x000001fc3301a95e sp=0x000000c03e1ee360 mode 0
Event: 14.840 Thread 0x000001fc495a7800 DEOPT PACKING pc=0x000001fc33eeeb70 sp=0x000000c03e1ef120
Event: 14.840 Thread 0x000001fc495a7800 DEOPT UNPACKING pc=0x000001fc3301a95e sp=0x000000c03e1ee600 mode 0
Event: 14.878 Thread 0x000001fc495a7800 Uncommon trap: trap_request=0xffffffde fr.pc=0x000001fc3aec6178 relative=0x0000000000000058
Event: 14.878 Thread 0x000001fc495a7800 Uncommon trap: reason=class_check action=maybe_recompile pc=0x000001fc3aec6178 method=groovy.lang.MetaMethod.isStatic()Z @ 1 c2
Event: 14.878 Thread 0x000001fc495a7800 DEOPT PACKING pc=0x000001fc3aec6178 sp=0x000000c03e1f3570
Event: 14.878 Thread 0x000001fc495a7800 DEOPT UNPACKING pc=0x000001fc3301a1af sp=0x000000c03e1f34f8 mode 2
Event: 14.878 Thread 0x000001fc495a7800 Uncommon trap: trap_request=0xffffffde fr.pc=0x000001fc3aec6178 relative=0x0000000000000058
Event: 14.878 Thread 0x000001fc495a7800 Uncommon trap: reason=class_check action=maybe_recompile pc=0x000001fc3aec6178 method=groovy.lang.MetaMethod.isStatic()Z @ 1 c2
Event: 14.878 Thread 0x000001fc495a7800 DEOPT PACKING pc=0x000001fc3aec6178 sp=0x000000c03e1f3570
Event: 14.878 Thread 0x000001fc495a7800 DEOPT UNPACKING pc=0x000001fc3301a1af sp=0x000000c03e1f34f8 mode 2

Classes redefined (0 events):
No events

Internal exceptions (20 events):
Event: 14.878 Thread 0x000001fc495a7800 Exception <a 'java/lang/ClassNotFoundException'{0x00000000a8150ad8}: [Lcom/google/gms/googleservices/GoogleServicesPlugin$PluginType;BeanInfo> (0x00000000a8150ad8) thrown at [./src/hotspot/share/prims/jni.cpp, line 636]
Event: 14.878 Thread 0x000001fc495a7800 Exception <a 'java/lang/ClassNotFoundException'{0x00000000a81529b8}: [Lcom/google/gms/googleservices/GoogleServicesPlugin$PluginType;Customizer> (0x00000000a81529b8) thrown at [./src/hotspot/share/prims/jni.cpp, line 636]
Event: 14.878 Thread 0x000001fc495a7800 Exception <a 'java/lang/ClassNotFoundException'{0x00000000a8154790}: [Lcom/google/gms/googleservices/GoogleServicesPlugin$PluginType;Customizer> (0x00000000a8154790) thrown at [./src/hotspot/share/prims/jni.cpp, line 636]
Event: 14.878 Thread 0x000001fc495a7800 Exception <a 'java/lang/ClassNotFoundException'{0x00000000a8156568}: [Lcom/google/gms/googleservices/GoogleServicesPlugin$PluginType;Customizer> (0x00000000a8156568) thrown at [./src/hotspot/share/prims/jni.cpp, line 636]
Event: 14.906 Thread 0x000001fc495a7800 Exception <a 'java/lang/ClassNotFoundException'{0x00000000a9263da8}: org/jetbrains/kotlin/gradle/dsl/KotlinJvmOptionsImplBeanInfo> (0x00000000a9263da8) thrown at [./src/hotspot/share/classfile/systemDictionary.cpp, line 231]
Event: 14.906 Thread 0x000001fc495a7800 Exception <a 'java/lang/ClassNotFoundException'{0x00000000a9284a08}: org/jetbrains/kotlin/gradle/dsl/KotlinJvmOptionsBaseBeanInfo> (0x00000000a9284a08) thrown at [./src/hotspot/share/classfile/systemDictionary.cpp, line 231]
Event: 14.907 Thread 0x000001fc495a7800 Exception <a 'java/lang/ClassNotFoundException'{0x00000000a92a5868}: org/jetbrains/kotlin/gradle/dsl/KotlinJvmOptionsBaseCustomizer> (0x00000000a92a5868) thrown at [./src/hotspot/share/classfile/systemDictionary.cpp, line 231]
Event: 14.907 Thread 0x000001fc495a7800 Exception <a 'java/lang/ClassNotFoundException'{0x00000000a92d7540}: org/jetbrains/kotlin/gradle/dsl/KotlinJvmOptionsImplCustomizer> (0x00000000a92d7540) thrown at [./src/hotspot/share/classfile/systemDictionary.cpp, line 231]
Event: 14.910 Thread 0x000001fc495a7800 Exception <a 'java/lang/ClassNotFoundException'{0x00000000a916d380}: com/android/build/gradle/internal/api/DefaultAndroidSourceSet_DecoratedBeanInfo> (0x00000000a916d380) thrown at [./src/hotspot/share/classfile/systemDictionary.cpp, line 231]
Event: 14.910 Thread 0x000001fc495a7800 Exception <a 'java/lang/ClassNotFoundException'{0x00000000a918f8a0}: com/android/build/gradle/internal/api/DefaultAndroidSourceSetBeanInfo> (0x00000000a918f8a0) thrown at [./src/hotspot/share/classfile/systemDictionary.cpp, line 231]
Event: 14.911 Thread 0x000001fc495a7800 Exception <a 'java/lang/ClassNotFoundException'{0x00000000a91b1fb8}: com/android/build/gradle/internal/api/DefaultAndroidSourceSetCustomizer> (0x00000000a91b1fb8) thrown at [./src/hotspot/share/classfile/systemDictionary.cpp, line 231]
Event: 14.913 Thread 0x000001fc495a7800 Exception <a 'java/lang/ClassNotFoundException'{0x00000000a902d258}: com/android/build/gradle/internal/api/DefaultAndroidSourceSet_DecoratedCustomizer> (0x00000000a902d258) thrown at [./src/hotspot/share/classfile/systemDictionary.cpp, line 231]
Event: 14.915 Thread 0x000001fc495a7800 Exception <a 'java/lang/ClassNotFoundException'{0x00000000a90c30f0}: com/android/build/gradle/internal/api/DefaultAndroidSourceDirectorySetBeanInfo> (0x00000000a90c30f0) thrown at [./src/hotspot/share/classfile/systemDictionary.cpp, line 231]
Event: 14.916 Thread 0x000001fc495a7800 Exception <a 'java/lang/ClassNotFoundException'{0x00000000a90e7c80}: com/android/build/gradle/internal/api/DefaultAndroidSourceDirectorySetCustomizer> (0x00000000a90e7c80) thrown at [./src/hotspot/share/classfile/systemDictionary.cpp, line 231]
Event: 14.922 Thread 0x000001fc495a7800 Exception <a 'java/lang/ClassNotFoundException'{0x00000000a8e24f08}: com/google/common/collect/SingletonImmutableSetBeanInfo> (0x00000000a8e24f08) thrown at [./src/hotspot/share/classfile/systemDictionary.cpp, line 231]
Event: 14.923 Thread 0x000001fc495a7800 Exception <a 'java/lang/ClassNotFoundException'{0x00000000a8e42e98}: com/google/common/collect/ImmutableSetBeanInfo> (0x00000000a8e42e98) thrown at [./src/hotspot/share/classfile/systemDictionary.cpp, line 231]
Event: 14.923 Thread 0x000001fc495a7800 Exception <a 'java/lang/ClassNotFoundException'{0x00000000a8e62408}: com/google/common/collect/ImmutableCollectionBeanInfo> (0x00000000a8e62408) thrown at [./src/hotspot/share/classfile/systemDictionary.cpp, line 231]
Event: 14.923 Thread 0x000001fc495a7800 Exception <a 'java/lang/ClassNotFoundException'{0x00000000a8e81e98}: com/google/common/collect/ImmutableCollectionCustomizer> (0x00000000a8e81e98) thrown at [./src/hotspot/share/classfile/systemDictionary.cpp, line 231]
Event: 14.928 Thread 0x000001fc495a7800 Exception <a 'java/lang/ClassNotFoundException'{0x00000000a8ecb638}: com/google/common/collect/ImmutableSetCustomizer> (0x00000000a8ecb638) thrown at [./src/hotspot/share/classfile/systemDictionary.cpp, line 231]
Event: 14.929 Thread 0x000001fc495a7800 Exception <a 'java/lang/ClassNotFoundException'{0x00000000a8d03378}: com/google/common/collect/SingletonImmutableSetCustomizer> (0x00000000a8d03378) thrown at [./src/hotspot/share/classfile/systemDictionary.cpp, line 231]

Events (20 events):
Event: 15.150 loading class org/gradle/api/internal/provider/Collectors$ElementsFromCollection done
Event: 15.154 loading class com/android/build/api/component/impl/AnnotationProcessorImpl$finalListOfClassNames$1
Event: 15.154 loading class com/android/build/api/component/impl/AnnotationProcessorImpl$finalListOfClassNames$1 done
Event: 15.155 loading class com/android/build/api/component/impl/ComponentImpl$sources$2
Event: 15.155 loading class com/android/build/api/component/impl/ComponentImpl$sources$2 done
Event: 15.155 loading class com/android/build/gradle/internal/instrumentation/AsmClassVisitorsFactoryRegistry
Event: 15.155 loading class com/android/build/gradle/internal/instrumentation/AsmClassVisitorsFactoryRegistry done
Event: 15.156 loading class org/gradle/api/internal/provider/DefaultSetProperty$1
Event: 15.156 loading class org/gradle/api/internal/provider/DefaultSetProperty$1 done
Event: 15.157 loading class org/gradle/api/provider/SetProperty
Event: 15.157 loading class org/gradle/api/provider/SetProperty done
Event: 15.157 loading class com/android/build/api/variant/impl/VariantImpl$minSdkVersion$2
Event: 15.157 loading class com/android/build/api/variant/impl/VariantImpl$minSdkVersion$2 done
Event: 15.157 loading class com/android/build/api/variant/impl/VariantImpl$targetSdkVersion$2
Event: 15.157 loading class com/android/build/api/variant/impl/VariantImpl$targetSdkVersion$2 done
Event: 15.157 loading class com/android/build/api/variant/impl/VariantImpl$buildConfigFields$2
Event: 15.157 loading class com/android/build/api/variant/impl/VariantImpl$buildConfigFields$2 done
Event: 15.158 loading class com/android/build/api/variant/impl/VariantImpl$manifestPlaceholders$2
Event: 15.158 loading class com/android/build/api/variant/impl/VariantImpl$manifestPlaceholders$2 done
Event: 15.158 Executing VM operation: G1CollectForAllocation


Dynamic libraries:
0x00007ff65ca90000 - 0x00007ff65ca9a000 	C:\Program Files\Android\Android Studio2\jre\bin\java.exe
0x00007ffe97c30000 - 0x00007ffe97e44000 	C:\WINDOWS\SYSTEM32\ntdll.dll
0x00007ffe96110000 - 0x00007ffe961d2000 	C:\WINDOWS\System32\KERNEL32.DLL
0x00007ffe95490000 - 0x00007ffe9582c000 	C:\WINDOWS\System32\KERNELBASE.dll
0x00007ffe958f0000 - 0x00007ffe95a01000 	C:\WINDOWS\System32\ucrtbase.dll
0x00007ffe6b230000 - 0x00007ffe6b249000 	C:\Program Files\Android\Android Studio2\jre\bin\jli.dll
0x00007ffe6b2b0000 - 0x00007ffe6b2c7000 	C:\Program Files\Android\Android Studio2\jre\bin\VCRUNTIME140.dll
0x00007ffe95ec0000 - 0x00007ffe9606b000 	C:\WINDOWS\System32\USER32.dll
0x00007ffe95a10000 - 0x00007ffe95a36000 	C:\WINDOWS\System32\win32u.dll
0x00007ffe7d9a0000 - 0x00007ffe7dc2e000 	C:\WINDOWS\WinSxS\amd64_microsoft.windows.common-controls_6595b64144ccf1df_6.0.22621.608_none_a9444ca7c10bb01d\COMCTL32.dll
0x00007ffe971e0000 - 0x00007ffe97209000 	C:\WINDOWS\System32\GDI32.dll
0x00007ffe976b0000 - 0x00007ffe97757000 	C:\WINDOWS\System32\msvcrt.dll
0x00007ffe95070000 - 0x00007ffe95183000 	C:\WINDOWS\System32\gdi32full.dll
0x00007ffe95210000 - 0x00007ffe952aa000 	C:\WINDOWS\System32\msvcp_win.dll
0x00007ffe974f0000 - 0x00007ffe97521000 	C:\WINDOWS\System32\IMM32.DLL
0x00007ffe54170000 - 0x00007ffe5420d000 	C:\Program Files\Android\Android Studio2\jre\bin\msvcp140.dll
0x00007ffe549b0000 - 0x00007ffe55495000 	C:\Program Files\Android\Android Studio2\jre\bin\server\jvm.dll
0x00007ffe97530000 - 0x00007ffe975de000 	C:\WINDOWS\System32\ADVAPI32.dll
0x00007ffe968a0000 - 0x00007ffe96944000 	C:\WINDOWS\System32\sechost.dll
0x00007ffe95da0000 - 0x00007ffe95eb5000 	C:\WINDOWS\System32\RPCRT4.dll
0x00007ffe976a0000 - 0x00007ffe976a8000 	C:\WINDOWS\System32\PSAPI.DLL
0x00007ffe83a10000 - 0x00007ffe83a19000 	C:\WINDOWS\SYSTEM32\WSOCK32.dll
0x00007ffe8e8f0000 - 0x00007ffe8e924000 	C:\WINDOWS\SYSTEM32\WINMM.dll
0x00007ffe96090000 - 0x00007ffe96101000 	C:\WINDOWS\System32\WS2_32.dll
0x00007ffe8d9a0000 - 0x00007ffe8d9aa000 	C:\WINDOWS\SYSTEM32\VERSION.dll
0x00007ffe940d0000 - 0x00007ffe940e8000 	C:\WINDOWS\SYSTEM32\kernel.appcore.dll
0x00007ffe80680000 - 0x00007ffe80691000 	C:\Program Files\Android\Android Studio2\jre\bin\verify.dll
0x00007ffe866e0000 - 0x00007ffe8690e000 	C:\WINDOWS\SYSTEM32\DBGHELP.DLL
0x00007ffe962f0000 - 0x00007ffe96679000 	C:\WINDOWS\System32\combase.dll
0x00007ffe97410000 - 0x00007ffe974e7000 	C:\WINDOWS\System32\OLEAUT32.dll
0x00007ffe77140000 - 0x00007ffe77172000 	C:\WINDOWS\SYSTEM32\dbgcore.DLL
0x00007ffe95190000 - 0x00007ffe9520b000 	C:\WINDOWS\System32\bcryptPrimitives.dll
0x00007ffe80650000 - 0x00007ffe80679000 	C:\Program Files\Android\Android Studio2\jre\bin\java.dll
0x00007ffe83a00000 - 0x00007ffe83a0b000 	C:\Program Files\Android\Android Studio2\jre\bin\jimage.dll
0x00007ffe80630000 - 0x00007ffe80648000 	C:\Program Files\Android\Android Studio2\jre\bin\zip.dll
0x00007ffe96970000 - 0x00007ffe97160000 	C:\WINDOWS\System32\SHELL32.dll
0x00007ffe93090000 - 0x00007ffe9395d000 	C:\WINDOWS\SYSTEM32\windows.storage.dll
0x00007ffe92f50000 - 0x00007ffe9308e000 	C:\WINDOWS\SYSTEM32\wintypes.dll
0x00007ffe961f0000 - 0x00007ffe962e1000 	C:\WINDOWS\System32\SHCORE.dll
0x00007ffe97210000 - 0x00007ffe9726e000 	C:\WINDOWS\System32\shlwapi.dll
0x00007ffe94fa0000 - 0x00007ffe94fc1000 	C:\WINDOWS\SYSTEM32\profapi.dll
0x00007ffe80610000 - 0x00007ffe8062a000 	C:\Program Files\Android\Android Studio2\jre\bin\net.dll
0x00007ffe8dc30000 - 0x00007ffe8dd67000 	C:\WINDOWS\SYSTEM32\WINHTTP.dll
0x00007ffe94540000 - 0x00007ffe945a9000 	C:\WINDOWS\system32\mswsock.dll
0x00007ffe80430000 - 0x00007ffe80444000 	C:\Program Files\Android\Android Studio2\jre\bin\nio.dll
0x00007ffe80eb0000 - 0x00007ffe80ed7000 	C:\Users\AMAL\.gradle\native\68d5fa5c4cc2d200863cafc0d521ce42e7d3e7ee720ec0a83991735586a16f82\windows-amd64\native-platform.dll
0x00007ffe57fd0000 - 0x00007ffe58114000 	C:\Users\AMAL\.gradle\native\e376f236ea51e6404a007f0833ffe2c6e607c4080706a723a18a27aeea778392\windows-amd64\native-platform-file-events.dll
0x00007ffe7d1a0000 - 0x00007ffe7d1aa000 	C:\Program Files\Android\Android Studio2\jre\bin\management.dll
0x00007ffe7b780000 - 0x00007ffe7b78d000 	C:\Program Files\Android\Android Studio2\jre\bin\management_ext.dll
0x00007ffe947a0000 - 0x00007ffe947bb000 	C:\WINDOWS\SYSTEM32\CRYPTSP.dll
0x00007ffe94040000 - 0x00007ffe94075000 	C:\WINDOWS\system32\rsaenh.dll
0x00007ffe94640000 - 0x00007ffe94668000 	C:\WINDOWS\SYSTEM32\USERENV.dll
0x00007ffe94950000 - 0x00007ffe94978000 	C:\WINDOWS\SYSTEM32\bcrypt.dll
0x00007ffe94790000 - 0x00007ffe9479c000 	C:\WINDOWS\SYSTEM32\CRYPTBASE.dll
0x00007ffe93bb0000 - 0x00007ffe93bdd000 	C:\WINDOWS\SYSTEM32\IPHLPAPI.DLL
0x00007ffe97640000 - 0x00007ffe97649000 	C:\WINDOWS\System32\NSI.dll
0x00007ffe8dc10000 - 0x00007ffe8dc29000 	C:\WINDOWS\SYSTEM32\dhcpcsvc6.DLL
0x00007ffe8dbf0000 - 0x00007ffe8dc0f000 	C:\WINDOWS\SYSTEM32\dhcpcsvc.DLL
0x00007ffe93c20000 - 0x00007ffe93d13000 	C:\WINDOWS\SYSTEM32\DNSAPI.dll

dbghelp: loaded successfully - version: 4.0.5 - missing functions: none
symbol engine: initialized successfully - sym options: 0x614 - pdb path: .;C:\Program Files\Android\Android Studio2\jre\bin;C:\WINDOWS\SYSTEM32;C:\WINDOWS\WinSxS\amd64_microsoft.windows.common-controls_6595b64144ccf1df_6.0.22621.608_none_a9444ca7c10bb01d;C:\Program Files\Android\Android Studio2\jre\bin\server;C:\Users\AMAL\.gradle\native\68d5fa5c4cc2d200863cafc0d521ce42e7d3e7ee720ec0a83991735586a16f82\windows-amd64;C:\Users\AMAL\.gradle\native\e376f236ea51e6404a007f0833ffe2c6e607c4080706a723a18a27aeea778392\windows-amd64

VM Arguments:
jvm_args: --add-opens=java.base/java.util.concurrent.atomic=ALL-UNNAMED --add-opens=java.base/java.util=ALL-UNNAMED --add-opens=java.base/java.lang=ALL-UNNAMED --add-opens=java.base/java.lang.invoke=ALL-UNNAMED --add-opens=java.prefs/java.util.prefs=ALL-UNNAMED --add-opens=java.base/java.nio.charset=ALL-UNNAMED --add-opens=java.base/java.net=ALL-UNNAMED --add-opens=java.base/java.util.concurrent.atomic=ALL-UNNAMED -Xmx1536M -Dfile.encoding=windows-1252 -Duser.country=IN -Duser.language=en -Duser.variant 
java_command: org.gradle.launcher.daemon.bootstrap.GradleDaemon 7.6
java_class_path (initial): C:\Users\AMAL\.gradle\wrapper\dists\gradle-7.6-all\9f832ih6bniajn45pbmqhk2cw\gradle-7.6\lib\gradle-launcher-7.6.jar
Launcher Type: SUN_STANDARD

[Global flags]
     intx CICompilerCount                          = 4                                         {product} {ergonomic}
     uint ConcGCThreads                            = 3                                         {product} {ergonomic}
     uint G1ConcRefinementThreads                  = 10                                        {product} {ergonomic}
   size_t G1HeapRegionSize                         = 1048576                                   {product} {ergonomic}
    uintx GCDrainStackTargetSize                   = 64                                        {product} {ergonomic}
   size_t InitialHeapSize                          = 123731968                                 {product} {ergonomic}
   size_t MarkStackSize                            = 4194304                                   {product} {ergonomic}
   size_t MaxHeapSize                              = 1610612736                                {product} {command line}
   size_t MaxNewSize                               = 965738496                                 {product} {ergonomic}
   size_t MinHeapDeltaBytes                        = 1048576                                   {product} {ergonomic}
    uintx NonNMethodCodeHeapSize                   = 5836300                                {pd product} {ergonomic}
    uintx NonProfiledCodeHeapSize                  = 122910970                              {pd product} {ergonomic}
    uintx ProfiledCodeHeapSize                     = 122910970                              {pd product} {ergonomic}
    uintx ReservedCodeCacheSize                    = 251658240                              {pd product} {ergonomic}
     bool SegmentedCodeCache                       = true                                      {product} {ergonomic}
     bool UseCompressedClassPointers               = true                                 {lp64_product} {ergonomic}
     bool UseCompressedOops                        = true                                 {lp64_product} {ergonomic}
     bool UseG1GC                                  = true                                      {product} {ergonomic}
     bool UseLargePagesIndividualAllocation        = false                                  {pd product} {ergonomic}

Logging:
Log output configuration:
 #0: stdout all=warning uptime,level,tags
 #1: stderr all=off uptime,level,tags

Environment Variables:
PATH=C:\Program Files\Common Files\Oracle\Java\javapath;C:\windows\system32;C:\windows;C:\windows\System32\Wbem;C:\windows\System32\WindowsPowerShell\v1.0\;C:\windows\System32\OpenSSH\;C:\Program Files (x86)\NVIDIA Corporation\PhysX\Common;C:\Program Files\NVIDIA Corporation\NVIDIA NvDLISR;C:\WINDOWS\system32;C:\WINDOWS;D:\Telegram Downloads;D:\Telegram Downloads\tools\bin;C:\Users\AMAL\Downloads\firebase-tools-master\firebase-tools-master;D:\Telegram Downloads\platform-tools;D:\Telegram Downloads\cmdline-tools\latest\bin;C:\WINDOWS\System32\Wbem;D:\src\flutter\flutter\bin\flutter.bat;C:\WINDOWS\System32\WindowsPowerShell\v1.0\;C:\WINDOWS\System32\OpenSSH\;D:\WinSCP\;D:\;D:\src\flutter\flutter\bin;C:\Users\AMAL\AppData\Roaming\npm-cache;C:\Users\AMAL\.jdks\openjdk-18.0.1.1;C:\Users\AMAL\.jdks\openjdk-18.0.2.1\bin;C:\Users\AMAL\AppData\Local\Pub\Cache\bin;C:\Windows\system32\cmd.exe;C:\Program Files\JetBrains\IntelliJ IDEA 2022.1.1\bin;C:\Users\AMAL\.AndroidStudio3.6;C:\Users\AMAL\Downloads\fire;C:\adb\fastboot.exe;C:\Program Files (x86)\Minimal ADB and Fastboot\fastboot.exe;C:\WINDOWS\system32;C:\WINDOWS;C:\WINDOWS\System32\Wbem;C:\WINDOWS\System32\WindowsPowerShell\v1.0\;C:\WINDOWS\System32\OpenSSH\;C:\Program Files\dotnet\;C:\Program Files\Git\cmd;C:\Program Files\Common Files\Oracle\Java\javapath;C:\windows\system32;C:\windows;C:\windows\System32\Wbem;C:\windows\System32\WindowsPowerShell\v1.0\;C:\windows\System32\OpenSSH\;C:\Program Files (x86)\NVIDIA Corporation\PhysX\Common;C:\Program Files\NVIDIA Corporation\NVIDIA NvDLISR;C:\WINDOWS\system32;C:\WINDOWS;D:\Telegram Downloads;D:\Telegram Downloads\tools\bin;C:\Users\AMAL\Downloads\firebase-tools-master\firebase-tools-master;D:\Telegram Downloads\platform-tools;D:\Telegram Downloads\cmdline-tools\latest\bin;C:\WINDOWS\System32\Wbem;D:\src\flutter\flutter\bin\flutter.bat;C:\WINDOWS\System32\WindowsPowerShell\v1.0\;C:\WINDOWS\System32\OpenSSH\;D:\WinSCP\;D:\;D:\src\flutter\flutter\bin;C:\Users\AMAL\AppData\Roaming\n
USERNAME=AMAL
OS=Windows_NT
PROCESSOR_IDENTIFIER=AMD64 Family 25 Model 80 Stepping 0, AuthenticAMD



---------------  S Y S T E M  ---------------

OS: Windows 10 , 64 bit Build 22621 (10.0.22621.1485)
OS uptime: 0 days 5:37 hours

CPU:total 12 (initial active 12) (12 cores per cpu, 2 threads per core) family 25 model 80 stepping 0 microcode 0x0, cmov, cx8, fxsr, mmx, sse, sse2, sse3, ssse3, sse4.1, sse4.2, popcnt, avx, avx2, aes, clmul, erms, mmxext, 3dnowpref, lzcnt, sse4a, ht, tsc, tscinvbit, tscinv, bmi1, bmi2, adx, sha, fma

Memory: 4k page, system-wide physical 7521M (1080M free)
TotalPageFile size 31073M (AvailPageFile size 48M)
current process WorkingSet (physical memory assigned to process): 387M, peak: 387M
current process commit charge ("private bytes"): 455M, peak: 518M

vm_info: OpenJDK 64-Bit Server VM (11.0.12+7-b1504.28-7817840) for windows-amd64 JRE (11.0.12+7-b1504.28-7817840), built on Oct 13 2021 22:12:33 by "builder" with MS VC++ 14.0 (VS2015)

END.
